512
0 73 9 585 37 1 275 19 137 5 3
3 74 10 586 38 2 272 16 138 6 0
5 76 12 588 32 4 278 22 140 0 6
6 79 15 591 35 7 277 21 143 3 5
9 64 0 576 44 8 282 26 128 12 10
10 67 3 579 47 11 281 25 131 15 9
12 69 5 581 41 13 287 31 133 9 15
15 70 6 582 42 14 284 28 134 10 12
17 88 24 600 52 16 258 2 152 20 18
18 91 27 603 55 19 257 1 155 23 17
20 93 29 605 49 21 263 7 157 17 23
23 94 30 606 50 22 260 4 158 18 20
24 81 17 593 61 25 267 11 145 29 27
27 82 18 594 62 26 264 8 146 30 24
29 84 20 596 56 28 270 14 148 24 30
30 87 23 599 59 31 269 13 151 27 29
33 104 40 616 4 32 306 50 168 36 34
34 107 43 619 7 35 305 49 171 39 33
36 109 45 621 1 37 311 55 173 33 39
39 110 46 622 2 38 308 52 174 34 36
40 97 33 609 13 41 315 59 161 45 43
43 98 34 610 14 42 312 56 162 46 40
45 100 36 612 8 44 318 62 164 40 46
46 103 39 615 11 47 317 61 167 43 45
48 121 57 633 21 49 291 35 185 53 51
51 122 58 634 22 50 288 32 186 54 48
53 124 60 636 16 52 294 38 188 48 54
54 127 63 639 19 55 293 37 191 51 53
57 112 48 624 28 56 298 42 176 60 58
58 115 51 627 31 59 297 41 179 63 57
60 117 53 629 25 61 303 47 181 57 63
63 118 54 630 26 62 300 44 182 58 60
65 8 72 520 100 64 338 82 200 68 66
66 11 75 523 103 67 337 81 203 71 65
68 13 77 525 97 69 343 87 205 65 71
71 14 78 526 98 70 340 84 206 66 68
72 1 65 513 109 73 347 91 193 77 75
75 2 66 514 110 74 344 88 194 78 72
77 4 68 516 104 76 350 94 196 72 78
78 7 71 519 107 79 349 93 199 75 77
80 25 89 537 117 81 323 67 217 85 83
83 26 90 538 118 82 320 64 218 86 80
85 28 92 540 112 84 326 70 220 80 86
86 31 95 543 115 87 325 69 223 83 85
89 16 80 528 124 88 330 74 208 92 90
90 19 83 531 127 91 329 73 211 95 89
92 21 85 533 121 93 335 79 213 89 95
95 22 86 534 122 94 332 76 214 90 92
96 41 105 553 69 97 371 115 233 101 99
99 42 106 554 70 98 368 112 234 102 96
101 44 108 556 64 100 374 118 236 96 102
102 47 111 559 67 103 373 117 239 99 101
105 32 96 544 76 104 378 122 224 108 106
106 35 99 547 79 107 377 121 227 111 105
108 37 101 549 73 109 383 127 229 105 111
111 38 102 550 74 110 380 124 230 106 108
113 56 120 568 84 112 354 98 248 116 114
114 59 123 571 87 115 353 97 251 119 113
116 61 125 573 81 117 359 103 253 113 119
119 62 126 574 82 118 356 100 254 114 116
120 49 113 561 93 121 363 107 241 125 123
123 50 114 562 94 122 360 104 242 126 120
125 52 116 564 88 124 366 110 244 120 126
126 55 119 567 91 127 365 109 247 123 125
129 200 136 712 164 128 402 146 8 132 130
130 203 139 715 167 131 401 145 11 135 129
132 205 141 717 161 133 407 151 13 129 135
135 206 142 718 162 134 404 148 14 130 132
136 193 129 705 173 137 411 155 1 141 139
139 194 130 706 174 138 408 152 2 142 136
141 196 132 708 168 140 414 158 4 136 142
142 199 135 711 171 143 413 157 7 139 141
144 217 153 729 181 145 387 131 25 149 147
147 218 154 730 182 146 384 128 26 150 144
149 220 156 732 176 148 390 134 28 144 150
150 223 159 735 179 151 389 133 31 147 149
153 208 144 720 188 152 394 138 16 156 154
154 211 147 723 191 155 393 137 19 159 153
156 213 149 725 185 157 399 143 21 153 159
159 214 150 726 186 158 396 140 22 154 156
160 233 169 745 133 161 435 179 41 165 163
163 234 170 746 134 162 432 176 42 166 160
165 236 172 748 128 164 438 182 44 160 166
166 239 175 751 131 167 437 181 47 163 165
169 224 160 736 140 168 442 186 32 172 170
170 227 163 739 143 171 441 185 35 175 169
172 229 165 741 137 173 447 191 37 169 175
175 230 166 742 138 174 444 188 38 170 172
177 248 184 760 148 176 418 162 56 180 178
178 251 187 763 151 179 417 161 59 183 177
180 253 189 765 145 181 423 167 61 177 183
183 254 190 766 146 182 420 164 62 178 180
184 241 177 753 157 185 427 171 49 189 187
187 242 178 754 158 186 424 168 50 190 184
189 244 180 756 152 188 430 174 52 184 190
190 247 183 759 155 191 429 173 55 187 189
192 137 201 649 229 193 467 211 73 197 195
195 138 202 650 230 194 464 208 74 198 192
197 140 204 652 224 196 470 214 76 192 198
198 143 207 655 227 199 469 213 79 195 197
201 128 192 640 236 200 474 218 64 204 202
202 131 195 643 239 203 473 217 67 207 201
204 133 197 645 233 205 479 223 69 201 207
207 134 198 646 234 206 476 220 70 202 204
209 152 216 664 244 208 450 194 88 212 210
210 155 219 667 247 211 449 193 91 215 209
212 157 221 669 241 213 455 199 93 209 215
215 158 222 670 242 214 452 196 94 210 212
216 145 209 657 253 217 459 203 81 221 219
219 146 210 658 254 218 456 200 82 222 216
221 148 212 660 248 220 462 206 84 216 222
222 151 215 663 251 223 461 205 87 219 221
225 168 232 680 196 224 498 242 104 228 226
226 171 235 683 199 227 497 241 107 231 225
228 173 237 685 193 229 503 247 109 225 231
231 174 238 686 194 230 500 244 110 226 228
232 161 225 673 205 233 507 251 97 237 235
235 162 226 674 206 234 504 248 98 238 232
237 164 228 676 200 236 510 254 100 232 238
238 167 231 679 203 239 509 253 103 235 237
240 185 249 697 213 241 483 227 121 245 243
243 186 250 698 214 242 480 224 122 246 240
245 188 252 700 208 244 486 230 124 240 246
246 191 255 703 211 247 485 229 127 243 245
249 176 240 688 220 248 490 234 112 252 250
250 179 243 691 223 251 489 233 115 255 249
252 181 245 693 217 253 495 239 117 249 255
255 182 246 694 218 254 492 236 118 250 252
257 328 264 840 292 256 18 274 392 260 258
258 331 267 843 295 259 17 273 395 263 257
260 333 269 845 289 261 23 279 397 257 263
263 334 270 846 290 262 20 276 398 258 260
264 321 257 833 301 265 27 283 385 269 267
267 322 258 834 302 266 24 280 386 270 264
269 324 260 836 296 268 30 286 388 264 270
270 327 263 839 299 271 29 285 391 267 269
272 345 281 857 309 273 3 259 409 277 275
275 346 282 858 310 274 0 256 410 278 272
277 348 284 860 304 276 6 262 412 272 278
278 351 287 863 307 279 5 261 415 275 277
281 336 272 848 316 280 10 266 400 284 282
282 339 275 851 319 283 9 265 403 287 281
284 341 277 853 313 285 15 271 405 281 287
287 342 278 854 314 286 12 268 406 282 284
288 361 297 873 261 289 51 307 425 293 291
291 362 298 874 262 290 48 304 426 294 288
293 364 300 876 256 292 54 310 428 288 294
294 367 303 879 259 295 53 309 431 291 293
297 352 288 864 268 296 58 314 416 300 298
298 355 291 867 271 299 57 313 419 303 297
300 357 293 869 265 301 63 319 421 297 303
303 358 294 870 266 302 60 316 422 298 300
305 376 312 888 276 304 34 290 440 308 306
306 379 315 891 279 307 33 289 443 311 305
308 381 317 893 273 309 39 295 445 305 311
311 382 318 894 274 310 36 292 446 306 308
312 369 305 881 285 313 43 299 433 317 315
315 370 306 882 286 314 40 296 434 318 312
317 372 308 884 280 316 46 302 436 312 318
318 375 311 887 283 319 45 301 439 315 317
320 265 329 777 357 321 83 339 457 325 323
323 266 330 778 358 322 80 336 458 326 320
325 268 332 780 352 324 86 342 460 320 326
326 271 335 783 355 327 85 341 463 323 325
329 256 320 768 364 328 90 346 448 332 330
330 259 323 771 367 331 89 345 451 335 329
332 261 325 773 361 333 95 351 453 329 335
335 262 326 774 362 334 92 348 454 330 332
337 280 344 792 372 336 66 322 472 340 338
338 283 347 795 375 339 65 321 475 343 337
340 285 349 797 369 341 71 327 477 337 343
343 286 350 798 370 342 68 324 478 338 340
344 273 337 785 381 345 75 331 465 349 347
347 274 338 786 382 346 72 328 466 350 344
349 276 340 788 376 348 78 334 468 344 350
350 279 343 791 379 351 77 333 471 347 349
353 296 360 808 324 352 114 370 488 356 354
354 299 363 811 327 355 113 369 491 359 353
356 301 365 813 321 357 119 375 493 353 359
359 302 366 814 322 358 116 372 494 354 356
360 289 353 801 333 361 123 379 481 365 363
363 290 354 802 334 362 120 376 482 366 360
365 292 356 804 328 364 126 382 484 360 366
366 295 359 807 331 367 125 381 487 363 365
368 313 377 825 341 369 99 355 505 373 371
371 314 378 826 342 370 96 352 506 374 368
373 316 380 828 336 372 102 358 508 368 374
374 319 383 831 339 375 101 357 511 371 373
377 304 368 816 348 376 106 362 496 380 378
378 307 371 819 351 379 105 361 499 383 377
380 309 373 821 345 381 111 367 501 377 383
383 310 374 822 346 382 108 364 502 378 380
384 457 393 969 421 385 147 403 265 389 387
387 458 394 970 422 386 144 400 266 390 384
389 460 396 972 416 388 150 406 268 384 390
390 463 399 975 419 391 149 405 271 387 389
393 448 384 960 428 392 154 410 256 396 394
394 451 387 963 431 395 153 409 259 399 393
396 453 389 965 425 397 159 415 261 393 399
399 454 390 966 426 398 156 412 262 394 396
401 472 408 984 436 400 130 386 280 404 402
402 475 411 987 439 403 129 385 283 407 401
404 477 413 989 433 405 135 391 285 401 407
407 478 414 990 434 406 132 388 286 402 404
408 465 401 977 445 409 139 395 273 413 411
411 466 402 978 446 410 136 392 274 414 408
413 468 404 980 440 412 142 398 276 408 414
414 471 407 983 443 415 141 397 279 411 413
417 488 424 1000 388 416 178 434 296 420 418
418 491 427 1003 391 419 177 433 299 423 417
420 493 429 1005 385 421 183 439 301 417 423
423 494 430 1006 386 422 180 436 302 418 420
424 481 417 993 397 425 187 443 289 429 427
427 482 418 994 398 426 184 440 290 430 424
429 484 420 996 392 428 190 446 292 424 430
430 487 423 999 395 431 189 445 295 427 429
432 505 441 1017 405 433 163 419 313 437 435
435 506 442 1018 406 434 160 416 314 438 432
437 508 444 1020 400 436 166 422 316 432 438
438 511 447 1023 403 439 165 421 319 435 437
441 496 432 1008 412 440 170 426 304 444 442
442 499 435 1011 415 443 169 425 307 447 441
444 501 437 1013 409 445 175 431 309 441 447
447 502 438 1014 410 446 172 428 310 442 444
449 392 456 904 484 448 210 466 328 452 450
450 395 459 907 487 451 209 465 331 455 449
452 397 461 909 481 453 215 471 333 449 455
455 398 462 910 482 454 212 468 334 450 452
456 385 449 897 493 457 219 475 321 461 459
459 386 450 898 494 458 216 472 322 462 456
461 388 452 900 488 460 222 478 324 456 462
462 391 455 903 491 463 221 477 327 459 461
464 409 473 921 501 465 195 451 345 469 467
467 410 474 922 502 466 192 448 346 470 464
469 412 476 924 496 468 198 454 348 464 470
470 415 479 927 499 471 197 453 351 467 469
473 400 464 912 508 472 202 458 336 476 474
474 403 467 915 511 475 201 457 339 479 473
476 405 469 917 505 477 207 463 341 473 479
479 406 470 918 506 478 204 460 342 474 476
480 425 489 937 453 481 243 499 361 485 483
483 426 490 938 454 482 240 496 362 486 480
485 428 492 940 448 484 246 502 364 480 486
486 431 495 943 451 487 245 501 367 483 485
489 416 480 928 460 488 250 506 352 492 490
490 419 483 931 463 491 249 505 355 495 489
492 421 485 933 457 493 255 511 357 489 495
495 422 486 934 458 494 252 508 358 490 492
497 440 504 952 468 496 226 482 376 500 498
498 443 507 955 471 499 225 481 379 503 497
500 445 509 957 465 501 231 487 381 497 503
503 446 510 958 466 502 228 484 382 498 500
504 433 497 945 477 505 235 491 369 509 507
507 434 498 946 478 506 232 488 370 510 504
509 436 500 948 472 508 238 494 372 504 510
510 439 503 951 475 511 237 493 375 507 509
513 584 520 72 548 512 786 530 648 516 514
514 587 523 75 551 515 785 529 651 519 513
516 589 525 77 545 517 791 535 653 513 519
519 590 526 78 546 518 788 532 654 514 516
520 577 513 65 557 521 795 539 641 525 523
523 578 514 66 558 522 792 536 642 526 520
525 580 516 68 552 524 798 542 644 520 526
526 583 519 71 555 527 797 541 647 523 525
528 601 537 89 565 529 771 515 665 533 531
531 602 538 90 566 530 768 512 666 534 528
533 604 540 92 560 532 774 518 668 528 534
534 607 543 95 563 535 773 517 671 531 533
537 592 528 80 572 536 778 522 656 540 538
538 595 531 83 575 539 777 521 659 543 537
540 597 533 85 569 541 783 527 661 537 543
543 598 534 86 570 542 780 524 662 538 540
544 617 553 105 517 545 819 563 681 549 547
547 618 554 106 518 546 816 560 682 550 544
549 620 556 108 512 548 822 566 684 544 550
550 623 559 111 515 551 821 565 687 547 549
553 608 544 96 524 552 826 570 672 556 554
554 611 547 99 527 555 825 569 675 559 553
556 613 549 101 521 557 831 575 677 553 559
559 614 550 102 522 558 828 572 678 554 556
561 632 568 120 532 560 802 546 696 564 562
562 635 571 123 535 563 801 545 699 567 561
564 637 573 125 529 565 807 551 701 561 567
567 638 574 126 530 566 804 548 702 562 564
568 625 561 113 541 569 811 555 689 573 571
571 626 562 114 542 570 808 552 690 574 568
573 628 564 116 536 572 814 558 692 568 574
574 631 567 119 539 575 813 557 695 571 573
576 521 585 9 613 577 851 595 713 581 579
579 522 586 10 614 578 848 592 714 582 576
581 524 588 12 608 580 854 598 716 576 582
582 527 591 15 611 583 853 597 719 579 581
585 512 576 0 620 584 858 602 704 588 586
586 515 579 3 623 587 857 601 707 591 585
588 517 581 5 617 589 863 607 709 585 591
591 518 582 6 618 590 860 604 710 586 588
593 536 600 24 628 592 834 578 728 596 594
594 539 603 27 631 595 833 577 731 599 593
596 541 605 29 625 597 839 583 733 593 599
599 542 606 30 626 598 836 580 734 594 596
600 529 593 17 637 601 843 587 721 605 603
603 530 594 18 638 602 840 584 722 606 600
605 532 596 20 632 604 846 590 724 600 606
606 535 599 23 635 607 845 589 727 603 605
609 552 616 40 580 608 882 626 744 612 610
610 555 619 43 583 611 881 625 747 615 609
612 557 621 45 577 613 887 631 749 609 615
615 558 622 46 578 614 884 628 750 610 612
616 545 609 33 589 617 891 635 737 621 619
619 546 610 34 590 618 888 632 738 622 616
621 548 612 36 584 620 894 638 740 616 622
622 551 615 39 587 623 893 637 743 619 621
624 569 633 57 597 625 867 611 761 629 627
627 570 634 58 598 626 864 608 762 630 624
629 572 636 60 592 628 870 614 764 624 630
630 575 639 63 595 631 869 613 767 627 629
633 560 624 48 604 632 874 618 752 636 634
634 563 627 51 607 635 873 617 755 639 633
636 565 629 53 601 637 879 623 757 633 639
639 566 630 54 602 638 876 620 758 634 636
640 713 649 201 677 641 915 659 521 645 643
643 714 650 202 678 642 912 656 522 646 640
645 716 652 204 672 644 918 662 524 640 646
646 719 655 207 675 647 917 661 527 643 645
649 704 640 192 684 648 922 666 512 652 650
650 707 643 195 687 651 921 665 515 655 649
652 709 645 197 681 653 927 671 517 649 655
655 710 646 198 682 654 924 668 518 650 652
657 728 664 216 692 656 898 642 536 660 658
658 731 667 219 695 659 897 641 539 663 657
660 733 669 221 689 661 903 647 541 657 663
663 734 670 222 690 662 900 644 542 658 660
664 721 657 209 701 665 907 651 529 669 667
667 722 658 210 702 666 904 648 530 670 664
669 724 660 212 696 668 910 654 532 664 670
670 727 663 215 699 671 909 653 535 667 669
673 744 680 232 644 672 946 690 552 676 674
674 747 683 235 647 675 945 689 555 679 673
676 749 685 237 641 677 951 695 557 673 679
679 750 686 238 642 678 948 692 558 674 676
680 737 673 225 653 681 955 699 545 685 683
683 738 674 226 654 682 952 696 546 686 680
685 740 676 228 648 684 958 702 548 680 686
686 743 679 231 651 687 957 701 551 683 685
688 761 697 249 661 689 931 675 569 693 691
691 762 698 250 662 690 928 672 570 694 688
693 764 700 252 656 692 934 678 572 688 694
694 767 703 255 659 695 933 677 575 691 693
697 752 688 240 668 696 938 682 560 700 698
698 755 691 243 671 699 937 681 563 703 697
700 757 693 245 665 701 943 687 565 697 703
703 758 694 246 666 702 940 684 566 698 700
705 648 712 136 740 704 978 722 584 708 706
706 651 715 139 743 707 977 721 587 711 705
708 653 717 141 737 709 983 727 589 705 711
711 654 718 142 738 710 980 724 590 706 708
712 641 705 129 749 713 987 731 577 717 715
715 642 706 130 750 714 984 728 578 718 712
717 644 708 132 744 716 990 734 580 712 718
718 647 711 135 747 719 989 733 583 715 717
720 665 729 153 757 721 963 707 601 725 723
723 666 730 154 758 722 960 704 602 726 720
725 668 732 156 752 724 966 710 604 720 726
726 671 735 159 755 727 965 709 607 723 725
729 656 720 144 764 728 970 714 592 732 730
730 659 723 147 767 731 969 713 595 735 729
732 661 725 149 761 733 975 719 597 729 735
735 662 726 150 762 734 972 716 598 730 732
736 681 745 169 709 737 1011 755 617 741 739
739 682 746 170 710 738 1008 752 618 742 736
741 684 748 172 704 740 1014 758 620 736 742
742 687 751 175 707 743 1013 757 623 739 741
745 672 736 160 716 744 1018 762 608 748 746
746 675 739 163 719 747 1017 761 611 751 745
748 677 741 165 713 749 1023 767 613 745 751
751 678 742 166 714 750 1020 764 614 746 748
753 696 760 184 724 752 994 738 632 756 754
754 699 763 187 727 755 993 737 635 759 753
756 701 765 189 721 757 999 743 637 753 759
759 702 766 190 722 758 996 740 638 754 756
760 689 753 177 733 761 1003 747 625 765 763
763 690 754 178 734 762 1000 744 626 766 760
765 692 756 180 728 764 1006 750 628 760 766
766 695 759 183 731 767 1005 749 631 763 765
768 841 777 329 805 769 531 787 905 773 771
771 842 778 330 806 770 528 784 906 774 768
773 844 780 332 800 772 534 790 908 768 774
774 847 783 335 803 775 533 789 911 771 773
777 832 768 320 812 776 538 794 896 780 778
778 835 771 323 815 779 537 793 899 783 777
780 837 773 325 809 781 543 799 901 777 783
783 838 774 326 810 782 540 796 902 778 780
785 856 792 344 820 784 514 770 920 788 786
786 859 795 347 823 787 513 769 923 791 785
788 861 797 349 817 789 519 775 925 785 791
791 862 798 350 818 790 516 772 926 786 788
792 849 785 337 829 793 523 779 913 797 795
795 850 786 338 830 794 520 776 914 798 792
797 852 788 340 824 796 526 782 916 792 798
798 855 791 343 827 799 525 781 919 795 797
801 872 808 360 772 800 562 818 936 804 802
802 875 811 363 775 803 561 817 939 807 801
804 877 813 365 769 805 567 823 941 801 807
807 878 814 366 770 806 564 820 942 802 804
808 865 801 353 781 809 571 827 929 813 811
811 866 802 354 782 810 568 824 930 814 808
813 868 804 356 776 812 574 830 932 808 814
814 871 807 359 779 815 573 829 935 811 813
816 889 825 377 789 817 547 803 953 821 819
819 890 826 378 790 818 544 800 954 822 816
821 892 828 380 784 820 550 806 956 816 822
822 895 831 383 787 823 549 805 959 819 821
825 880 816 368 796 824 554 810 944 828 826
826 883 819 371 799 827 553 809 947 831 825
828 885 821 373 793 829 559 815 949 825 831
831 886 822 374 794 830 556 812 950 826 828
833 776 840 264 868 832 594 850 968 836 834
834 779 843 267 871 835 593 849 971 839 833
836 781 845 269 865 837 599 855 973 833 839
839 782 846 270 866 838 596 852 974 834 836
840 769 833 257 877 841 603 859 961 845 843
843 770 834 258 878 842 600 856 962 846 840
845 772 836 260 872 844 606 862 964 840 846
846 775 839 263 875 847 605 861 967 843 845
848 793 857 281 885 849 579 835 985 853 851
851 794 858 282 886 850 576 832 986 854 848
853 796 860 284 880 852 582 838 988 848 854
854 799 863 287 883 855 581 837 991 851 853
857 784 848 272 892 856 586 842 976 860 858
858 787 851 275 895 859 585 841 979 863 857
860 789 853 277 889 861 591 847 981 857 863
863 790 854 278 890 862 588 844 982 858 860
864 809 873 297 837 865 627 883 1001 869 867
867 810 874 298 838 866 624 880 1002 870 864
869 812 876 300 832 868 630 886 1004 864 870
870 815 879 303 835 871 629 885 1007 867 869
873 800 864 288 844 872 634 890 992 876 874
874 803 867 291 847 875 633 889 995 879 873
876 805 869 293 841 877 639 895 997 873 879
879 806 870 294 842 878 636 892 998 874 876
881 824 888 312 852 880 610 866 1016 884 882
882 827 891 315 855 883 609 865 1019 887 881
884 829 893 317 849 885 615 871 1021 881 887
887 830 894 318 850 886 612 868 1022 882 884
888 817 881 305 861 889 619 875 1009 893 891
891 818 882 306 862 890 616 872 1010 894 888
893 820 884 308 856 892 622 878 1012 888 894
894 823 887 311 859 895 621 877 1015 891 893
897 968 904 456 932 896 658 914 776 900 898
898 971 907 459 935 899 657 913 779 903 897
900 973 909 461 929 901 663 919 781 897 903
903 974 910 462 930 902 660 916 782 898 900
904 961 897 449 941 905 667 923 769 909 907
907 962 898 450 942 906 664 920 770 910 904
909 964 900 452 936 908 670 926 772 904 910
910 967 903 455 939 911 669 925 775 907 909
912 985 921 473 949 913 643 899 793 917 915
915 986 922 474 950 914 640 896 794 918 912
917 988 924 476 944 916 646 902 796 912 918
918 991 927 479 947 919 645 901 799 915 917
921 976 912 464 956 920 650 906 784 924 922
922 979 915 467 959 923 649 905 787 927 921
924 981 917 469 953 925 655 911 789 921 927
927 982 918 470 954 926 652 908 790 922 924
928 1001 937 489 901 929 691 947 809 933 931
931 1002 938 490 902 930 688 944 810 934 928
933 1004 940 492 896 932 694 950 812 928 934
934 1007 943 495 899 935 693 949 815 931 933
937 992 928 480 908 936 698 954 800 940 938
938 995 931 483 911 939 697 953 803 943 937
940 997 933 485 905 941 703 959 805 937 943
943 998 934 486 906 942 700 956 806 938 940
945 1016 952 504 916 944 674 930 824 948 946
946 1019 955 507 919 947 673 929 827 951 945
948 1021 957 509 913 949 679 935 829 945 951
951 1022 958 510 914 950 676 932 830 946 948
952 1009 945 497 925 953 683 939 817 957 955
955 1010 946 498 926 954 680 936 818 958 952
957 1012 948 500 920 956 686 942 820 952 958
958 1015 951 503 923 959 685 941 823 955 957
960 905 969 393 997 961 723 979 841 965 963
963 906 970 394 998 962 720 976 842 966 960
965 908 972 396 992 964 726 982 844 960 966
966 911 975 399 995 967 725 981 847 963 965
969 896 960 384 1004 968 730 986 832 972 970
970 899 963 387 1007 971 729 985 835 975 969
972 901 965 389 1001 973 735 991 837 969 975
975 902 966 390 1002 974 732 988 838 970 972
977 920 984 408 1012 976 706 962 856 980 978
978 923 987 411 1015 979 705 961 859 983 977
980 925 989 413 1009 981 711 967 861 977 983
983 926 990 414 1010 982 708 964 862 978 980
984 913 977 401 1021 985 715 971 849 989 987
987 914 978 402 1022 986 712 968 850 990 984
989 916 980 404 1016 988 718 974 852 984 990
990 919 983 407 1019 991 717 973 855 987 989
993 936 1000 424 964 992 754 1010 872 996 994
994 939 1003 427 967 995 753 1009 875 999 993
996 941 1005 429 961 997 759 1015 877 993 999
999 942 1006 430 962 998 756 1012 878 994 996
1000 929 993 417 973 1001 763 1019 865 1005 1003
1003 930 994 418 974 1002 760 1016 866 1006 1000
1005 932 996 420 968 1004 766 1022 868 1000 1006
1006 935 999 423 971 1007 765 1021 871 1003 1005
1008 953 1017 441 981 1009 739 995 889 1013 1011
1011 954 1018 442 982 1010 736 992 890 1014 1008
1013 956 1020 444 976 1012 742 998 892 1008 1014
1014 959 1023 447 979 1015 741 997 895 1011 1013
1017 944 1008 432 988 1016 746 1002 880 1020 1018
1018 947 1011 435 991 1019 745 1001 883 1023 1017
1020 949 1013 437 985 1021 751 1007 885 1017 1023
1023 950 1014 438 986 1022 748 1004 886 1018 1020
