64
0 2 9 73 4 1 33 17
3 1 10 74 7 2 34 18
5 7 12 76 1 4 36 20
6 4 15 79 2 7 39 23
9 11 0 64 13 8 40 24
10 8 3 67 14 11 43 27
12 14 5 69 8 13 45 29
15 13 6 70 11 14 46 30
17 19 24 88 21 16 48 0
18 16 27 91 22 19 51 3
20 22 29 93 16 21 53 5
23 21 30 94 19 22 54 6
24 26 17 81 28 25 57 9
27 25 18 82 31 26 58 10
29 31 20 84 25 28 60 12
30 28 23 87 26 31 63 15
33 35 40 104 37 32 0 48
34 32 43 107 38 35 3 51
36 38 45 109 32 37 5 53
39 37 46 110 35 38 6 54
40 42 33 97 44 41 9 57
43 41 34 98 47 42 10 58
45 47 36 100 41 44 12 60
46 44 39 103 42 47 15 63
48 50 57 121 52 49 17 33
51 49 58 122 55 50 18 34
53 55 60 124 49 52 20 36
54 52 63 127 50 55 23 39
57 59 48 112 61 56 24 40
58 56 51 115 62 59 27 43
60 62 53 117 56 61 29 45
63 61 54 118 59 62 30 46
65 67 72 8 69 64 96 80
66 64 75 11 70 67 99 83
68 70 77 13 64 69 101 85
71 69 78 14 67 70 102 86
72 74 65 1 76 73 105 89
75 73 66 2 79 74 106 90
77 79 68 4 73 76 108 92
78 76 71 7 74 79 111 95
80 82 89 25 84 81 113 65
83 81 90 26 87 82 114 66
85 87 92 28 81 84 116 68
86 84 95 31 82 87 119 71
89 91 80 16 93 88 120 72
90 88 83 19 94 91 123 75
92 94 85 21 88 93 125 77
95 93 86 22 91 94 126 78
96 98 105 41 100 97 65 113
99 97 106 42 103 98 66 114
101 103 108 44 97 100 68 116
102 100 111 47 98 103 71 119
105 107 96 32 109 104 72 120
106 104 99 35 110 107 75 123
108 110 101 37 104 109 77 125
111 109 102 38 107 110 78 126
113 115 120 56 117 112 80 96
114 112 123 59 118 115 83 99
116 118 125 61 112 117 85 101
119 117 126 62 115 118 86 102
120 122 113 49 124 121 89 105
123 121 114 50 127 122 90 106
125 127 116 52 121 124 92 108
126 124 119 55 122 127 95 111
