32
0 1 5 2 18 9 34
3 2 6 1 17 10 33
5 4 0 7 23 12 39
6 7 3 4 20 15 36
9 8 12 11 27 0 43
10 11 15 8 24 3 40
12 13 9 14 30 5 46
15 14 10 13 29 6 45
17 16 20 19 3 24 51
18 19 23 16 0 27 48
20 21 17 22 6 29 54
23 22 18 21 5 30 53
24 25 29 26 10 17 58
27 26 30 25 9 18 57
29 28 24 31 15 20 63
30 31 27 28 12 23 60
33 32 36 35 51 40 3
34 35 39 32 48 43 0
36 37 33 38 54 45 6
39 38 34 37 53 46 5
40 41 45 42 58 33 10
43 42 46 41 57 34 9
45 44 40 47 63 36 15
46 47 43 44 60 39 12
48 49 53 50 34 57 18
51 50 54 49 33 58 17
53 52 48 55 39 60 23
54 55 51 52 36 63 20
57 56 60 59 43 48 27
58 59 63 56 40 51 24
60 61 57 62 46 53 30
63 62 58 61 45 54 29
