512
0 17 545 129 5 9 1 257 3 33 65
3 18 546 130 6 10 2 258 0 34 66
5 20 548 132 0 12 4 260 6 36 68
6 23 551 135 3 15 7 263 5 39 71
9 24 552 136 12 0 8 264 10 40 72
10 27 555 139 15 3 11 267 9 43 75
12 29 557 141 9 5 13 269 15 45 77
15 30 558 142 10 6 14 270 12 46 78
17 0 560 144 20 24 16 272 18 48 80
18 3 563 147 23 27 19 275 17 51 83
20 5 565 149 17 29 21 277 23 53 85
23 6 566 150 18 30 22 278 20 54 86
24 9 569 153 29 17 25 281 27 57 89
27 10 570 154 30 18 26 282 24 58 90
29 12 572 156 24 20 28 284 30 60 92
30 15 575 159 27 23 31 287 29 63 95
33 48 512 160 36 40 32 288 34 0 96
34 51 515 163 39 43 35 291 33 3 99
36 53 517 165 33 45 37 293 39 5 101
39 54 518 166 34 46 38 294 36 6 102
40 57 521 169 45 33 41 297 43 9 105
43 58 522 170 46 34 42 298 40 10 106
45 60 524 172 40 36 44 300 46 12 108
46 63 527 175 43 39 47 303 45 15 111
48 33 529 177 53 57 49 305 51 17 113
51 34 530 178 54 58 50 306 48 18 114
53 36 532 180 48 60 52 308 54 20 116
54 39 535 183 51 63 55 311 53 23 119
57 40 536 184 60 48 56 312 58 24 120
58 43 539 187 63 51 59 315 57 27 123
60 45 541 189 57 53 61 317 63 29 125
63 46 542 190 58 54 62 318 60 30 126
65 80 608 192 68 72 64 320 66 96 0
66 83 611 195 71 75 67 323 65 99 3
68 85 613 197 65 77 69 325 71 101 5
71 86 614 198 66 78 70 326 68 102 6
72 89 617 201 77 65 73 329 75 105 9
75 90 618 202 78 66 74 330 72 106 10
77 92 620 204 72 68 76 332 78 108 12
78 95 623 207 75 71 79 335 77 111 15
80 65 625 209 85 89 81 337 83 113 17
83 66 626 210 86 90 82 338 80 114 18
85 68 628 212 80 92 84 340 86 116 20
86 71 631 215 83 95 87 343 85 119 23
89 72 632 216 92 80 88 344 90 120 24
90 75 635 219 95 83 91 347 89 123 27
92 77 637 221 89 85 93 349 95 125 29
95 78 638 222 90 86 94 350 92 126 30
96 113 577 225 101 105 97 353 99 65 33
99 114 578 226 102 106 98 354 96 66 34
101 116 580 228 96 108 100 356 102 68 36
102 119 583 231 99 111 103 359 101 71 39
105 120 584 232 108 96 104 360 106 72 40
106 123 587 235 111 99 107 363 105 75 43
108 125 589 237 105 101 109 365 111 77 45
111 126 590 238 106 102 110 366 108 78 46
113 96 592 240 116 120 112 368 114 80 48
114 99 595 243 119 123 115 371 113 83 51
116 101 597 245 113 125 117 373 119 85 53
119 102 598 246 114 126 118 374 116 86 54
120 105 601 249 125 113 121 377 123 89 57
123 106 602 250 126 114 122 378 120 90 58
125 108 604 252 120 116 124 380 126 92 60
126 111 607 255 123 119 127 383 125 95 63
129 144 672 0 132 136 128 384 130 160 192
130 147 675 3 135 139 131 387 129 163 195
132 149 677 5 129 141 133 389 135 165 197
135 150 678 6 130 142 134 390 132 166 198
136 153 681 9 141 129 137 393 139 169 201
139 154 682 10 142 130 138 394 136 170 202
141 156 684 12 136 132 140 396 142 172 204
142 159 687 15 139 135 143 399 141 175 207
144 129 689 17 149 153 145 401 147 177 209
147 130 690 18 150 154 146 402 144 178 210
149 132 692 20 144 156 148 404 150 180 212
150 135 695 23 147 159 151 407 149 183 215
153 136 696 24 156 144 152 408 154 184 216
154 139 699 27 159 147 155 411 153 187 219
156 141 701 29 153 149 157 413 159 189 221
159 142 702 30 154 150 158 414 156 190 222
160 177 641 33 165 169 161 417 163 129 225
163 178 642 34 166 170 162 418 160 130 226
165 180 644 36 160 172 164 420 166 132 228
166 183 647 39 163 175 167 423 165 135 231
169 184 648 40 172 160 168 424 170 136 232
170 187 651 43 175 163 171 427 169 139 235
172 189 653 45 169 165 173 429 175 141 237
175 190 654 46 170 166 174 430 172 142 238
177 160 656 48 180 184 176 432 178 144 240
178 163 659 51 183 187 179 435 177 147 243
180 165 661 53 177 189 181 437 183 149 245
183 166 662 54 178 190 182 438 180 150 246
184 169 665 57 189 177 185 441 187 153 249
187 170 666 58 190 178 186 442 184 154 250
189 172 668 60 184 180 188 444 190 156 252
190 175 671 63 187 183 191 447 189 159 255
192 209 737 65 197 201 193 449 195 225 129
195 210 738 66 198 202 194 450 192 226 130
197 212 740 68 192 204 196 452 198 228 132
198 215 743 71 195 207 199 455 197 231 135
201 216 744 72 204 192 200 456 202 232 136
202 219 747 75 207 195 203 459 201 235 139
204 221 749 77 201 197 205 461 207 237 141
207 222 750 78 202 198 206 462 204 238 142
209 192 752 80 212 216 208 464 210 240 144
210 195 755 83 215 219 211 467 209 243 147
212 197 757 85 209 221 213 469 215 245 149
215 198 758 86 210 222 214 470 212 246 150
216 201 761 89 221 209 217 473 219 249 153
219 202 762 90 222 210 218 474 216 250 154
221 204 764 92 216 212 220 476 222 252 156
222 207 767 95 219 215 223 479 221 255 159
225 240 704 96 228 232 224 480 226 192 160
226 243 707 99 231 235 227 483 225 195 163
228 245 709 101 225 237 229 485 231 197 165
231 246 710 102 226 238 230 486 228 198 166
232 249 713 105 237 225 233 489 235 201 169
235 250 714 106 238 226 234 490 232 202 170
237 252 716 108 232 228 236 492 238 204 172
238 255 719 111 235 231 239 495 237 207 175
240 225 721 113 245 249 241 497 243 209 177
243 226 722 114 246 250 242 498 240 210 178
245 228 724 116 240 252 244 500 246 212 180
246 231 727 119 243 255 247 503 245 215 183
249 232 728 120 252 240 248 504 250 216 184
250 235 731 123 255 243 251 507 249 219 187
252 237 733 125 249 245 253 509 255 221 189
255 238 734 126 250 246 254 510 252 222 190
257 272 800 384 260 264 256 0 258 288 320
258 275 803 387 263 267 259 3 257 291 323
260 277 805 389 257 269 261 5 263 293 325
263 278 806 390 258 270 262 6 260 294 326
264 281 809 393 269 257 265 9 267 297 329
267 282 810 394 270 258 266 10 264 298 330
269 284 812 396 264 260 268 12 270 300 332
270 287 815 399 267 263 271 15 269 303 335
272 257 817 401 277 281 273 17 275 305 337
275 258 818 402 278 282 274 18 272 306 338
277 260 820 404 272 284 276 20 278 308 340
278 263 823 407 275 287 279 23 277 311 343
281 264 824 408 284 272 280 24 282 312 344
282 267 827 411 287 275 283 27 281 315 347
284 269 829 413 281 277 285 29 287 317 349
287 270 830 414 282 278 286 30 284 318 350
288 305 769 417 293 297 289 33 291 257 353
291 306 770 418 294 298 290 34 288 258 354
293 308 772 420 288 300 292 36 294 260 356
294 311 775 423 291 303 295 39 293 263 359
297 312 776 424 300 288 296 40 298 264 360
298 315 779 427 303 291 299 43 297 267 363
300 317 781 429 297 293 301 45 303 269 365
303 318 782 430 298 294 302 46 300 270 366
305 288 784 432 308 312 304 48 306 272 368
306 291 787 435 311 315 307 51 305 275 371
308 293 789 437 305 317 309 53 311 277 373
311 294 790 438 306 318 310 54 308 278 374
312 297 793 441 317 305 313 57 315 281 377
315 298 794 442 318 306 314 58 312 282 378
317 300 796 444 312 308 316 60 318 284 380
318 303 799 447 315 311 319 63 317 287 383
320 337 865 449 325 329 321 65 323 353 257
323 338 866 450 326 330 322 66 320 354 258
325 340 868 452 320 332 324 68 326 356 260
326 343 871 455 323 335 327 71 325 359 263
329 344 872 456 332 320 328 72 330 360 264
330 347 875 459 335 323 331 75 329 363 267
332 349 877 461 329 325 333 77 335 365 269
335 350 878 462 330 326 334 78 332 366 270
337 320 880 464 340 344 336 80 338 368 272
338 323 883 467 343 347 339 83 337 371 275
340 325 885 469 337 349 341 85 343 373 277
343 326 886 470 338 350 342 86 340 374 278
344 329 889 473 349 337 345 89 347 377 281
347 330 890 474 350 338 346 90 344 378 282
349 332 892 476 344 340 348 92 350 380 284
350 335 895 479 347 343 351 95 349 383 287
353 368 832 480 356 360 352 96 354 320 288
354 371 835 483 359 363 355 99 353 323 291
356 373 837 485 353 365 357 101 359 325 293
359 374 838 486 354 366 358 102 356 326 294
360 377 841 489 365 353 361 105 363 329 297
363 378 842 490 366 354 362 106 360 330 298
365 380 844 492 360 356 364 108 366 332 300
366 383 847 495 363 359 367 111 365 335 303
368 353 849 497 373 377 369 113 371 337 305
371 354 850 498 374 378 370 114 368 338 306
373 356 852 500 368 380 372 116 374 340 308
374 359 855 503 371 383 375 119 373 343 311
377 360 856 504 380 368 376 120 378 344 312
378 363 859 507 383 371 379 123 377 347 315
380 365 861 509 377 373 381 125 383 349 317
383 366 862 510 378 374 382 126 380 350 318
384 401 929 257 389 393 385 129 387 417 449
387 402 930 258 390 394 386 130 384 418 450
389 404 932 260 384 396 388 132 390 420 452
390 407 935 263 387 399 391 135 389 423 455
393 408 936 264 396 384 392 136 394 424 456
394 411 939 267 399 387 395 139 393 427 459
396 413 941 269 393 389 397 141 399 429 461
399 414 942 270 394 390 398 142 396 430 462
401 384 944 272 404 408 400 144 402 432 464
402 387 947 275 407 411 403 147 401 435 467
404 389 949 277 401 413 405 149 407 437 469
407 390 950 278 402 414 406 150 404 438 470
408 393 953 281 413 401 409 153 411 441 473
411 394 954 282 414 402 410 154 408 442 474
413 396 956 284 408 404 412 156 414 444 476
414 399 959 287 411 407 415 159 413 447 479
417 432 896 288 420 424 416 160 418 384 480
418 435 899 291 423 427 419 163 417 387 483
420 437 901 293 417 429 421 165 423 389 485
423 438 902 294 418 430 422 166 420 390 486
424 441 905 297 429 417 425 169 427 393 489
427 442 906 298 430 418 426 170 424 394 490
429 444 908 300 424 420 428 172 430 396 492
430 447 911 303 427 423 431 175 429 399 495
432 417 913 305 437 441 433 177 435 401 497
435 418 914 306 438 442 434 178 432 402 498
437 420 916 308 432 444 436 180 438 404 500
438 423 919 311 435 447 439 183 437 407 503
441 424 920 312 444 432 440 184 442 408 504
442 427 923 315 447 435 443 187 441 411 507
444 429 925 317 441 437 445 189 447 413 509
447 430 926 318 442 438 446 190 444 414 510
449 464 992 320 452 456 448 192 450 480 384
450 467 995 323 455 459 451 195 449 483 387
452 469 997 325 449 461 453 197 455 485 389
455 470 998 326 450 462 454 198 452 486 390
456 473 1001 329 461 449 457 201 459 489 393
459 474 1002 330 462 450 458 202 456 490 394
461 476 1004 332 456 452 460 204 462 492 396
462 479 1007 335 459 455 463 207 461 495 399
464 449 1009 337 469 473 465 209 467 497 401
467 450 1010 338 470 474 466 210 464 498 402
469 452 1012 340 464 476 468 212 470 500 404
470 455 1015 343 467 479 471 215 469 503 407
473 456 1016 344 476 464 472 216 474 504 408
474 459 1019 347 479 467 475 219 473 507 411
476 461 1021 349 473 469 477 221 479 509 413
479 462 1022 350 474 470 478 222 476 510 414
480 497 961 353 485 489 481 225 483 449 417
483 498 962 354 486 490 482 226 480 450 418
485 500 964 356 480 492 484 228 486 452 420
486 503 967 359 483 495 487 231 485 455 423
489 504 968 360 492 480 488 232 490 456 424
490 507 971 363 495 483 491 235 489 459 427
492 509 973 365 489 485 493 237 495 461 429
495 510 974 366 490 486 494 238 492 462 430
497 480 976 368 500 504 496 240 498 464 432
498 483 979 371 503 507 499 243 497 467 435
500 485 981 373 497 509 501 245 503 469 437
503 486 982 374 498 510 502 246 500 470 438
504 489 985 377 509 497 505 249 507 473 441
507 490 986 378 510 498 506 250 504 474 442
509 492 988 380 504 500 508 252 510 476 444
510 495 991 383 507 503 511 255 509 479 447
513 528 32 640 516 520 512 768 514 544 576
514 531 35 643 519 523 515 771 513 547 579
516 533 37 645 513 525 517 773 519 549 581
519 534 38 646 514 526 518 774 516 550 582
520 537 41 649 525 513 521 777 523 553 585
523 538 42 650 526 514 522 778 520 554 586
525 540 44 652 520 516 524 780 526 556 588
526 543 47 655 523 519 527 783 525 559 591
528 513 49 657 533 537 529 785 531 561 593
531 514 50 658 534 538 530 786 528 562 594
533 516 52 660 528 540 532 788 534 564 596
534 519 55 663 531 543 535 791 533 567 599
537 520 56 664 540 528 536 792 538 568 600
538 523 59 667 543 531 539 795 537 571 603
540 525 61 669 537 533 541 797 543 573 605
543 526 62 670 538 534 542 798 540 574 606
544 561 1 673 549 553 545 801 547 513 609
547 562 2 674 550 554 546 802 544 514 610
549 564 4 676 544 556 548 804 550 516 612
550 567 7 679 547 559 551 807 549 519 615
553 568 8 680 556 544 552 808 554 520 616
554 571 11 683 559 547 555 811 553 523 619
556 573 13 685 553 549 557 813 559 525 621
559 574 14 686 554 550 558 814 556 526 622
561 544 16 688 564 568 560 816 562 528 624
562 547 19 691 567 571 563 819 561 531 627
564 549 21 693 561 573 565 821 567 533 629
567 550 22 694 562 574 566 822 564 534 630
568 553 25 697 573 561 569 825 571 537 633
571 554 26 698 574 562 570 826 568 538 634
573 556 28 700 568 564 572 828 574 540 636
574 559 31 703 571 567 575 831 573 543 639
576 593 97 705 581 585 577 833 579 609 513
579 594 98 706 582 586 578 834 576 610 514
581 596 100 708 576 588 580 836 582 612 516
582 599 103 711 579 591 583 839 581 615 519
585 600 104 712 588 576 584 840 586 616 520
586 603 107 715 591 579 587 843 585 619 523
588 605 109 717 585 581 589 845 591 621 525
591 606 110 718 586 582 590 846 588 622 526
593 576 112 720 596 600 592 848 594 624 528
594 579 115 723 599 603 595 851 593 627 531
596 581 117 725 593 605 597 853 599 629 533
599 582 118 726 594 606 598 854 596 630 534
600 585 121 729 605 593 601 857 603 633 537
603 586 122 730 606 594 602 858 600 634 538
605 588 124 732 600 596 604 860 606 636 540
606 591 127 735 603 599 607 863 605 639 543
609 624 64 736 612 616 608 864 610 576 544
610 627 67 739 615 619 611 867 609 579 547
612 629 69 741 609 621 613 869 615 581 549
615 630 70 742 610 622 614 870 612 582 550
616 633 73 745 621 609 617 873 619 585 553
619 634 74 746 622 610 618 874 616 586 554
621 636 76 748 616 612 620 876 622 588 556
622 639 79 751 619 615 623 879 621 591 559
624 609 81 753 629 633 625 881 627 593 561
627 610 82 754 630 634 626 882 624 594 562
629 612 84 756 624 636 628 884 630 596 564
630 615 87 759 627 639 631 887 629 599 567
633 616 88 760 636 624 632 888 634 600 568
634 619 91 763 639 627 635 891 633 603 571
636 621 93 765 633 629 637 893 639 605 573
639 622 94 766 634 630 638 894 636 606 574
640 657 161 513 645 649 641 897 643 673 705
643 658 162 514 646 650 642 898 640 674 706
645 660 164 516 640 652 644 900 646 676 708
646 663 167 519 643 655 647 903 645 679 711
649 664 168 520 652 640 648 904 650 680 712
650 667 171 523 655 643 651 907 649 683 715
652 669 173 525 649 645 653 909 655 685 717
655 670 174 526 650 646 654 910 652 686 718
657 640 176 528 660 664 656 912 658 688 720
658 643 179 531 663 667 659 915 657 691 723
660 645 181 533 657 669 661 917 663 693 725
663 646 182 534 658 670 662 918 660 694 726
664 649 185 537 669 657 665 921 667 697 729
667 650 186 538 670 658 666 922 664 698 730
669 652 188 540 664 660 668 924 670 700 732
670 655 191 543 667 663 671 927 669 703 735
673 688 128 544 676 680 672 928 674 640 736
674 691 131 547 679 683 675 931 673 643 739
676 693 133 549 673 685 677 933 679 645 741
679 694 134 550 674 686 678 934 676 646 742
680 697 137 553 685 673 681 937 683 649 745
683 698 138 554 686 674 682 938 680 650 746
685 700 140 556 680 676 684 940 686 652 748
686 703 143 559 683 679 687 943 685 655 751
688 673 145 561 693 697 689 945 691 657 753
691 674 146 562 694 698 690 946 688 658 754
693 676 148 564 688 700 692 948 694 660 756
694 679 151 567 691 703 695 951 693 663 759
697 680 152 568 700 688 696 952 698 664 760
698 683 155 571 703 691 699 955 697 667 763
700 685 157 573 697 693 701 957 703 669 765
703 686 158 574 698 694 702 958 700 670 766
705 720 224 576 708 712 704 960 706 736 640
706 723 227 579 711 715 707 963 705 739 643
708 725 229 581 705 717 709 965 711 741 645
711 726 230 582 706 718 710 966 708 742 646
712 729 233 585 717 705 713 969 715 745 649
715 730 234 586 718 706 714 970 712 746 650
717 732 236 588 712 708 716 972 718 748 652
718 735 239 591 715 711 719 975 717 751 655
720 705 241 593 725 729 721 977 723 753 657
723 706 242 594 726 730 722 978 720 754 658
725 708 244 596 720 732 724 980 726 756 660
726 711 247 599 723 735 727 983 725 759 663
729 712 248 600 732 720 728 984 730 760 664
730 715 251 603 735 723 731 987 729 763 667
732 717 253 605 729 725 733 989 735 765 669
735 718 254 606 730 726 734 990 732 766 670
736 753 193 609 741 745 737 993 739 705 673
739 754 194 610 742 746 738 994 736 706 674
741 756 196 612 736 748 740 996 742 708 676
742 759 199 615 739 751 743 999 741 711 679
745 760 200 616 748 736 744 1000 746 712 680
746 763 203 619 751 739 747 1003 745 715 683
748 765 205 621 745 741 749 1005 751 717 685
751 766 206 622 746 742 750 1006 748 718 686
753 736 208 624 756 760 752 1008 754 720 688
754 739 211 627 759 763 755 1011 753 723 691
756 741 213 629 753 765 757 1013 759 725 693
759 742 214 630 754 766 758 1014 756 726 694
760 745 217 633 765 753 761 1017 763 729 697
763 746 218 634 766 754 762 1018 760 730 698
765 748 220 636 760 756 764 1020 766 732 700
766 751 223 639 763 759 767 1023 765 735 703
768 785 289 897 773 777 769 513 771 801 833
771 786 290 898 774 778 770 514 768 802 834
773 788 292 900 768 780 772 516 774 804 836
774 791 295 903 771 783 775 519 773 807 839
777 792 296 904 780 768 776 520 778 808 840
778 795 299 907 783 771 779 523 777 811 843
780 797 301 909 777 773 781 525 783 813 845
783 798 302 910 778 774 782 526 780 814 846
785 768 304 912 788 792 784 528 786 816 848
786 771 307 915 791 795 787 531 785 819 851
788 773 309 917 785 797 789 533 791 821 853
791 774 310 918 786 798 790 534 788 822 854
792 777 313 921 797 785 793 537 795 825 857
795 778 314 922 798 786 794 538 792 826 858
797 780 316 924 792 788 796 540 798 828 860
798 783 319 927 795 791 799 543 797 831 863
801 816 256 928 804 808 800 544 802 768 864
802 819 259 931 807 811 803 547 801 771 867
804 821 261 933 801 813 805 549 807 773 869
807 822 262 934 802 814 806 550 804 774 870
808 825 265 937 813 801 809 553 811 777 873
811 826 266 938 814 802 810 554 808 778 874
813 828 268 940 808 804 812 556 814 780 876
814 831 271 943 811 807 815 559 813 783 879
816 801 273 945 821 825 817 561 819 785 881
819 802 274 946 822 826 818 562 816 786 882
821 804 276 948 816 828 820 564 822 788 884
822 807 279 951 819 831 823 567 821 791 887
825 808 280 952 828 816 824 568 826 792 888
826 811 283 955 831 819 827 571 825 795 891
828 813 285 957 825 821 829 573 831 797 893
831 814 286 958 826 822 830 574 828 798 894
833 848 352 960 836 840 832 576 834 864 768
834 851 355 963 839 843 835 579 833 867 771
836 853 357 965 833 845 837 581 839 869 773
839 854 358 966 834 846 838 582 836 870 774
840 857 361 969 845 833 841 585 843 873 777
843 858 362 970 846 834 842 586 840 874 778
845 860 364 972 840 836 844 588 846 876 780
846 863 367 975 843 839 847 591 845 879 783
848 833 369 977 853 857 849 593 851 881 785
851 834 370 978 854 858 850 594 848 882 786
853 836 372 980 848 860 852 596 854 884 788
854 839 375 983 851 863 855 599 853 887 791
857 840 376 984 860 848 856 600 858 888 792
858 843 379 987 863 851 859 603 857 891 795
860 845 381 989 857 853 861 605 863 893 797
863 846 382 990 858 854 862 606 860 894 798
864 881 321 993 869 873 865 609 867 833 801
867 882 322 994 870 874 866 610 864 834 802
869 884 324 996 864 876 868 612 870 836 804
870 887 327 999 867 879 871 615 869 839 807
873 888 328 1000 876 864 872 616 874 840 808
874 891 331 1003 879 867 875 619 873 843 811
876 893 333 1005 873 869 877 621 879 845 813
879 894 334 1006 874 870 878 622 876 846 814
881 864 336 1008 884 888 880 624 882 848 816
882 867 339 1011 887 891 883 627 881 851 819
884 869 341 1013 881 893 885 629 887 853 821
887 870 342 1014 882 894 886 630 884 854 822
888 873 345 1017 893 881 889 633 891 857 825
891 874 346 1018 894 882 890 634 888 858 826
893 876 348 1020 888 884 892 636 894 860 828
894 879 351 1023 891 887 895 639 893 863 831
897 912 416 768 900 904 896 640 898 928 960
898 915 419 771 903 907 899 643 897 931 963
900 917 421 773 897 909 901 645 903 933 965
903 918 422 774 898 910 902 646 900 934 966
904 921 425 777 909 897 905 649 907 937 969
907 922 426 778 910 898 906 650 904 938 970
909 924 428 780 904 900 908 652 910 940 972
910 927 431 783 907 903 911 655 909 943 975
912 897 433 785 917 921 913 657 915 945 977
915 898 434 786 918 922 914 658 912 946 978
917 900 436 788 912 924 916 660 918 948 980
918 903 439 791 915 927 919 663 917 951 983
921 904 440 792 924 912 920 664 922 952 984
922 907 443 795 927 915 923 667 921 955 987
924 909 445 797 921 917 925 669 927 957 989
927 910 446 798 922 918 926 670 924 958 990
928 945 385 801 933 937 929 673 931 897 993
931 946 386 802 934 938 930 674 928 898 994
933 948 388 804 928 940 932 676 934 900 996
934 951 391 807 931 943 935 679 933 903 999
937 952 392 808 940 928 936 680 938 904 1000
938 955 395 811 943 931 939 683 937 907 1003
940 957 397 813 937 933 941 685 943 909 1005
943 958 398 814 938 934 942 686 940 910 1006
945 928 400 816 948 952 944 688 946 912 1008
946 931 403 819 951 955 947 691 945 915 1011
948 933 405 821 945 957 949 693 951 917 1013
951 934 406 822 946 958 950 694 948 918 1014
952 937 409 825 957 945 953 697 955 921 1017
955 938 410 826 958 946 954 698 952 922 1018
957 940 412 828 952 948 956 700 958 924 1020
958 943 415 831 955 951 959 703 957 927 1023
960 977 481 833 965 969 961 705 963 993 897
963 978 482 834 966 970 962 706 960 994 898
965 980 484 836 960 972 964 708 966 996 900
966 983 487 839 963 975 967 711 965 999 903
969 984 488 840 972 960 968 712 970 1000 904
970 987 491 843 975 963 971 715 969 1003 907
972 989 493 845 969 965 973 717 975 1005 909
975 990 494 846 970 966 974 718 972 1006 910
977 960 496 848 980 984 976 720 978 1008 912
978 963 499 851 983 987 979 723 977 1011 915
980 965 501 853 977 989 981 725 983 1013 917
983 966 502 854 978 990 982 726 980 1014 918
984 969 505 857 989 977 985 729 987 1017 921
987 970 506 858 990 978 986 730 984 1018 922
989 972 508 860 984 980 988 732 990 1020 924
990 975 511 863 987 983 991 735 989 1023 927
993 1008 448 864 996 1000 992 736 994 960 928
994 1011 451 867 999 1003 995 739 993 963 931
996 1013 453 869 993 1005 997 741 999 965 933
999 1014 454 870 994 1006 998 742 996 966 934
1000 1017 457 873 1005 993 1001 745 1003 969 937
1003 1018 458 874 1006 994 1002 746 1000 970 938
1005 1020 460 876 1000 996 1004 748 1006 972 940
1006 1023 463 879 1003 999 1007 751 1005 975 943
1008 993 465 881 1013 1017 1009 753 1011 977 945
1011 994 466 882 1014 1018 1010 754 1008 978 946
1013 996 468 884 1008 1020 1012 756 1014 980 948
1014 999 471 887 1011 1023 1015 759 1013 983 951
1017 1000 472 888 1020 1008 1016 760 1018 984 952
1018 1003 475 891 1023 1011 1019 763 1017 987 955
1020 1005 477 893 1017 1013 1021 765 1023 989 957
1023 1006 478 894 1018 1014 1022 766 1020 990 958
