1024
0 1 3 7 15 31 63 127 383 895 191 1919
3 2 0 4 12 28 60 124 380 892 188 1916
5 4 6 2 10 26 58 122 378 890 186 1914
6 7 5 1 9 25 57 121 377 889 185 1913
9 8 10 14 6 22 54 118 374 886 182 1910
10 11 9 13 5 21 53 117 373 885 181 1909
12 13 15 11 3 19 51 115 371 883 179 1907
15 14 12 8 0 16 48 112 368 880 176 1904
17 16 18 22 30 14 46 110 366 878 174 1902
18 19 17 21 29 13 45 109 365 877 173 1901
20 21 23 19 27 11 43 107 363 875 171 1899
23 22 20 16 24 8 40 104 360 872 168 1896
24 25 27 31 23 7 39 103 359 871 167 1895
27 26 24 28 20 4 36 100 356 868 164 1892
29 28 30 26 18 2 34 98 354 866 162 1890
30 31 29 25 17 1 33 97 353 865 161 1889
33 32 34 38 46 62 30 94 350 862 158 1886
34 35 33 37 45 61 29 93 349 861 157 1885
36 37 39 35 43 59 27 91 347 859 155 1883
39 38 36 32 40 56 24 88 344 856 152 1880
40 41 43 47 39 55 23 87 343 855 151 1879
43 42 40 44 36 52 20 84 340 852 148 1876
45 44 46 42 34 50 18 82 338 850 146 1874
46 47 45 41 33 49 17 81 337 849 145 1873
48 49 51 55 63 47 15 79 335 847 143 1871
51 50 48 52 60 44 12 76 332 844 140 1868
53 52 54 50 58 42 10 74 330 842 138 1866
54 55 53 49 57 41 9 73 329 841 137 1865
57 56 58 62 54 38 6 70 326 838 134 1862
58 59 57 61 53 37 5 69 325 837 133 1861
60 61 63 59 51 35 3 67 323 835 131 1859
63 62 60 56 48 32 0 64 320 832 128 1856
65 64 66 70 78 94 126 62 318 830 254 1854
66 67 65 69 77 93 125 61 317 829 253 1853
68 69 71 67 75 91 123 59 315 827 251 1851
71 70 68 64 72 88 120 56 312 824 248 1848
72 73 75 79 71 87 119 55 311 823 247 1847
75 74 72 76 68 84 116 52 308 820 244 1844
77 76 78 74 66 82 114 50 306 818 242 1842
78 79 77 73 65 81 113 49 305 817 241 1841
80 81 83 87 95 79 111 47 303 815 239 1839
83 82 80 84 92 76 108 44 300 812 236 1836
85 84 86 82 90 74 106 42 298 810 234 1834
86 87 85 81 89 73 105 41 297 809 233 1833
89 88 90 94 86 70 102 38 294 806 230 1830
90 91 89 93 85 69 101 37 293 805 229 1829
92 93 95 91 83 67 99 35 291 803 227 1827
95 94 92 88 80 64 96 32 288 800 224 1824
96 97 99 103 111 127 95 31 287 799 223 1823
99 98 96 100 108 124 92 28 284 796 220 1820
101 100 102 98 106 122 90 26 282 794 218 1818
102 103 101 97 105 121 89 25 281 793 217 1817
105 104 106 110 102 118 86 22 278 790 214 1814
106 107 105 109 101 117 85 21 277 789 213 1813
108 109 111 107 99 115 83 19 275 787 211 1811
111 110 108 104 96 112 80 16 272 784 208 1808
113 112 114 118 126 110 78 14 270 782 206 1806
114 115 113 117 125 109 77 13 269 781 205 1805
116 117 119 115 123 107 75 11 267 779 203 1803
119 118 116 112 120 104 72 8 264 776 200 1800
120 121 123 127 119 103 71 7 263 775 199 1799
123 122 120 124 116 100 68 4 260 772 196 1796
125 124 126 122 114 98 66 2 258 770 194 1794
126 127 125 121 113 97 65 1 257 769 193 1793
129 128 130 134 142 158 190 254 510 1022 62 2046
130 131 129 133 141 157 189 253 509 1021 61 2045
132 133 135 131 139 155 187 251 507 1019 59 2043
135 134 132 128 136 152 184 248 504 1016 56 2040
136 137 139 143 135 151 183 247 503 1015 55 2039
139 138 136 140 132 148 180 244 500 1012 52 2036
141 140 142 138 130 146 178 242 498 1010 50 2034
142 143 141 137 129 145 177 241 497 1009 49 2033
144 145 147 151 159 143 175 239 495 1007 47 2031
147 146 144 148 156 140 172 236 492 1004 44 2028
149 148 150 146 154 138 170 234 490 1002 42 2026
150 151 149 145 153 137 169 233 489 1001 41 2025
153 152 154 158 150 134 166 230 486 998 38 2022
154 155 153 157 149 133 165 229 485 997 37 2021
156 157 159 155 147 131 163 227 483 995 35 2019
159 158 156 152 144 128 160 224 480 992 32 2016
160 161 163 167 175 191 159 223 479 991 31 2015
163 162 160 164 172 188 156 220 476 988 28 2012
165 164 166 162 170 186 154 218 474 986 26 2010
166 167 165 161 169 185 153 217 473 985 25 2009
169 168 170 174 166 182 150 214 470 982 22 2006
170 171 169 173 165 181 149 213 469 981 21 2005
172 173 175 171 163 179 147 211 467 979 19 2003
175 174 172 168 160 176 144 208 464 976 16 2000
177 176 178 182 190 174 142 206 462 974 14 1998
178 179 177 181 189 173 141 205 461 973 13 1997
180 181 183 179 187 171 139 203 459 971 11 1995
183 182 180 176 184 168 136 200 456 968 8 1992
184 185 187 191 183 167 135 199 455 967 7 1991
187 186 184 188 180 164 132 196 452 964 4 1988
189 188 190 186 178 162 130 194 450 962 2 1986
190 191 189 185 177 161 129 193 449 961 1 1985
192 193 195 199 207 223 255 191 447 959 127 1983
195 194 192 196 204 220 252 188 444 956 124 1980
197 196 198 194 202 218 250 186 442 954 122 1978
198 199 197 193 201 217 249 185 441 953 121 1977
201 200 202 206 198 214 246 182 438 950 118 1974
202 203 201 205 197 213 245 181 437 949 117 1973
204 205 207 203 195 211 243 179 435 947 115 1971
207 206 204 200 192 208 240 176 432 944 112 1968
209 208 210 214 222 206 238 174 430 942 110 1966
210 211 209 213 221 205 237 173 429 941 109 1965
212 213 215 211 219 203 235 171 427 939 107 1963
215 214 212 208 216 200 232 168 424 936 104 1960
216 217 219 223 215 199 231 167 423 935 103 1959
219 218 216 220 212 196 228 164 420 932 100 1956
221 220 222 218 210 194 226 162 418 930 98 1954
222 223 221 217 209 193 225 161 417 929 97 1953
225 224 226 230 238 254 222 158 414 926 94 1950
226 227 225 229 237 253 221 157 413 925 93 1949
228 229 231 227 235 251 219 155 411 923 91 1947
231 230 228 224 232 248 216 152 408 920 88 1944
232 233 235 239 231 247 215 151 407 919 87 1943
235 234 232 236 228 244 212 148 404 916 84 1940
237 236 238 234 226 242 210 146 402 914 82 1938
238 239 237 233 225 241 209 145 401 913 81 1937
240 241 243 247 255 239 207 143 399 911 79 1935
243 242 240 244 252 236 204 140 396 908 76 1932
245 244 246 242 250 234 202 138 394 906 74 1930
246 247 245 241 249 233 201 137 393 905 73 1929
249 248 250 254 246 230 198 134 390 902 70 1926
250 251 249 253 245 229 197 133 389 901 69 1925
252 253 255 251 243 227 195 131 387 899 67 1923
255 254 252 248 240 224 192 128 384 896 64 1920
257 256 258 262 270 286 318 382 126 638 446 1662
258 259 257 261 269 285 317 381 125 637 445 1661
260 261 263 259 267 283 315 379 123 635 443 1659
263 262 260 256 264 280 312 376 120 632 440 1656
264 265 267 271 263 279 311 375 119 631 439 1655
267 266 264 268 260 276 308 372 116 628 436 1652
269 268 270 266 258 274 306 370 114 626 434 1650
270 271 269 265 257 273 305 369 113 625 433 1649
272 273 275 279 287 271 303 367 111 623 431 1647
275 274 272 276 284 268 300 364 108 620 428 1644
277 276 278 274 282 266 298 362 106 618 426 1642
278 279 277 273 281 265 297 361 105 617 425 1641
281 280 282 286 278 262 294 358 102 614 422 1638
282 283 281 285 277 261 293 357 101 613 421 1637
284 285 287 283 275 259 291 355 99 611 419 1635
287 286 284 280 272 256 288 352 96 608 416 1632
288 289 291 295 303 319 287 351 95 607 415 1631
291 290 288 292 300 316 284 348 92 604 412 1628
293 292 294 290 298 314 282 346 90 602 410 1626
294 295 293 289 297 313 281 345 89 601 409 1625
297 296 298 302 294 310 278 342 86 598 406 1622
298 299 297 301 293 309 277 341 85 597 405 1621
300 301 303 299 291 307 275 339 83 595 403 1619
303 302 300 296 288 304 272 336 80 592 400 1616
305 304 306 310 318 302 270 334 78 590 398 1614
306 307 305 309 317 301 269 333 77 589 397 1613
308 309 311 307 315 299 267 331 75 587 395 1611
311 310 308 304 312 296 264 328 72 584 392 1608
312 313 315 319 311 295 263 327 71 583 391 1607
315 314 312 316 308 292 260 324 68 580 388 1604
317 316 318 314 306 290 258 322 66 578 386 1602
318 319 317 313 305 289 257 321 65 577 385 1601
320 321 323 327 335 351 383 319 63 575 511 1599
323 322 320 324 332 348 380 316 60 572 508 1596
325 324 326 322 330 346 378 314 58 570 506 1594
326 327 325 321 329 345 377 313 57 569 505 1593
329 328 330 334 326 342 374 310 54 566 502 1590
330 331 329 333 325 341 373 309 53 565 501 1589
332 333 335 331 323 339 371 307 51 563 499 1587
335 334 332 328 320 336 368 304 48 560 496 1584
337 336 338 342 350 334 366 302 46 558 494 1582
338 339 337 341 349 333 365 301 45 557 493 1581
340 341 343 339 347 331 363 299 43 555 491 1579
343 342 340 336 344 328 360 296 40 552 488 1576
344 345 347 351 343 327 359 295 39 551 487 1575
347 346 344 348 340 324 356 292 36 548 484 1572
349 348 350 346 338 322 354 290 34 546 482 1570
350 351 349 345 337 321 353 289 33 545 481 1569
353 352 354 358 366 382 350 286 30 542 478 1566
354 355 353 357 365 381 349 285 29 541 477 1565
356 357 359 355 363 379 347 283 27 539 475 1563
359 358 356 352 360 376 344 280 24 536 472 1560
360 361 363 367 359 375 343 279 23 535 471 1559
363 362 360 364 356 372 340 276 20 532 468 1556
365 364 366 362 354 370 338 274 18 530 466 1554
366 367 365 361 353 369 337 273 17 529 465 1553
368 369 371 375 383 367 335 271 15 527 463 1551
371 370 368 372 380 364 332 268 12 524 460 1548
373 372 374 370 378 362 330 266 10 522 458 1546
374 375 373 369 377 361 329 265 9 521 457 1545
377 376 378 382 374 358 326 262 6 518 454 1542
378 379 377 381 373 357 325 261 5 517 453 1541
380 381 383 379 371 355 323 259 3 515 451 1539
383 382 380 376 368 352 320 256 0 512 448 1536
384 385 387 391 399 415 447 511 255 767 319 1791
387 386 384 388 396 412 444 508 252 764 316 1788
389 388 390 386 394 410 442 506 250 762 314 1786
390 391 389 385 393 409 441 505 249 761 313 1785
393 392 394 398 390 406 438 502 246 758 310 1782
394 395 393 397 389 405 437 501 245 757 309 1781
396 397 399 395 387 403 435 499 243 755 307 1779
399 398 396 392 384 400 432 496 240 752 304 1776
401 400 402 406 414 398 430 494 238 750 302 1774
402 403 401 405 413 397 429 493 237 749 301 1773
404 405 407 403 411 395 427 491 235 747 299 1771
407 406 404 400 408 392 424 488 232 744 296 1768
408 409 411 415 407 391 423 487 231 743 295 1767
411 410 408 412 404 388 420 484 228 740 292 1764
413 412 414 410 402 386 418 482 226 738 290 1762
414 415 413 409 401 385 417 481 225 737 289 1761
417 416 418 422 430 446 414 478 222 734 286 1758
418 419 417 421 429 445 413 477 221 733 285 1757
420 421 423 419 427 443 411 475 219 731 283 1755
423 422 420 416 424 440 408 472 216 728 280 1752
424 425 427 431 423 439 407 471 215 727 279 1751
427 426 424 428 420 436 404 468 212 724 276 1748
429 428 430 426 418 434 402 466 210 722 274 1746
430 431 429 425 417 433 401 465 209 721 273 1745
432 433 435 439 447 431 399 463 207 719 271 1743
435 434 432 436 444 428 396 460 204 716 268 1740
437 436 438 434 442 426 394 458 202 714 266 1738
438 439 437 433 441 425 393 457 201 713 265 1737
441 440 442 446 438 422 390 454 198 710 262 1734
442 443 441 445 437 421 389 453 197 709 261 1733
444 445 447 443 435 419 387 451 195 707 259 1731
447 446 444 440 432 416 384 448 192 704 256 1728
449 448 450 454 462 478 510 446 190 702 382 1726
450 451 449 453 461 477 509 445 189 701 381 1725
452 453 455 451 459 475 507 443 187 699 379 1723
455 454 452 448 456 472 504 440 184 696 376 1720
456 457 459 463 455 471 503 439 183 695 375 1719
459 458 456 460 452 468 500 436 180 692 372 1716
461 460 462 458 450 466 498 434 178 690 370 1714
462 463 461 457 449 465 497 433 177 689 369 1713
464 465 467 471 479 463 495 431 175 687 367 1711
467 466 464 468 476 460 492 428 172 684 364 1708
469 468 470 466 474 458 490 426 170 682 362 1706
470 471 469 465 473 457 489 425 169 681 361 1705
473 472 474 478 470 454 486 422 166 678 358 1702
474 475 473 477 469 453 485 421 165 677 357 1701
476 477 479 475 467 451 483 419 163 675 355 1699
479 478 476 472 464 448 480 416 160 672 352 1696
480 481 483 487 495 511 479 415 159 671 351 1695
483 482 480 484 492 508 476 412 156 668 348 1692
485 484 486 482 490 506 474 410 154 666 346 1690
486 487 485 481 489 505 473 409 153 665 345 1689
489 488 490 494 486 502 470 406 150 662 342 1686
490 491 489 493 485 501 469 405 149 661 341 1685
492 493 495 491 483 499 467 403 147 659 339 1683
495 494 492 488 480 496 464 400 144 656 336 1680
497 496 498 502 510 494 462 398 142 654 334 1678
498 499 497 501 509 493 461 397 141 653 333 1677
500 501 503 499 507 491 459 395 139 651 331 1675
503 502 500 496 504 488 456 392 136 648 328 1672
504 505 507 511 503 487 455 391 135 647 327 1671
507 506 504 508 500 484 452 388 132 644 324 1668
509 508 510 506 498 482 450 386 130 642 322 1666
510 511 509 505 497 481 449 385 129 641 321 1665
513 512 514 518 526 542 574 638 894 382 702 1406
514 515 513 517 525 541 573 637 893 381 701 1405
516 517 519 515 523 539 571 635 891 379 699 1403
519 518 516 512 520 536 568 632 888 376 696 1400
520 521 523 527 519 535 567 631 887 375 695 1399
523 522 520 524 516 532 564 628 884 372 692 1396
525 524 526 522 514 530 562 626 882 370 690 1394
526 527 525 521 513 529 561 625 881 369 689 1393
528 529 531 535 543 527 559 623 879 367 687 1391
531 530 528 532 540 524 556 620 876 364 684 1388
533 532 534 530 538 522 554 618 874 362 682 1386
534 535 533 529 537 521 553 617 873 361 681 1385
537 536 538 542 534 518 550 614 870 358 678 1382
538 539 537 541 533 517 549 613 869 357 677 1381
540 541 543 539 531 515 547 611 867 355 675 1379
543 542 540 536 528 512 544 608 864 352 672 1376
544 545 547 551 559 575 543 607 863 351 671 1375
547 546 544 548 556 572 540 604 860 348 668 1372
549 548 550 546 554 570 538 602 858 346 666 1370
550 551 549 545 553 569 537 601 857 345 665 1369
553 552 554 558 550 566 534 598 854 342 662 1366
554 555 553 557 549 565 533 597 853 341 661 1365
556 557 559 555 547 563 531 595 851 339 659 1363
559 558 556 552 544 560 528 592 848 336 656 1360
561 560 562 566 574 558 526 590 846 334 654 1358
562 563 561 565 573 557 525 589 845 333 653 1357
564 565 567 563 571 555 523 587 843 331 651 1355
567 566 564 560 568 552 520 584 840 328 648 1352
568 569 571 575 567 551 519 583 839 327 647 1351
571 570 568 572 564 548 516 580 836 324 644 1348
573 572 574 570 562 546 514 578 834 322 642 1346
574 575 573 569 561 545 513 577 833 321 641 1345
576 577 579 583 591 607 639 575 831 319 767 1343
579 578 576 580 588 604 636 572 828 316 764 1340
581 580 582 578 586 602 634 570 826 314 762 1338
582 583 581 577 585 601 633 569 825 313 761 1337
585 584 586 590 582 598 630 566 822 310 758 1334
586 587 585 589 581 597 629 565 821 309 757 1333
588 589 591 587 579 595 627 563 819 307 755 1331
591 590 588 584 576 592 624 560 816 304 752 1328
593 592 594 598 606 590 622 558 814 302 750 1326
594 595 593 597 605 589 621 557 813 301 749 1325
596 597 599 595 603 587 619 555 811 299 747 1323
599 598 596 592 600 584 616 552 808 296 744 1320
600 601 603 607 599 583 615 551 807 295 743 1319
603 602 600 604 596 580 612 548 804 292 740 1316
605 604 606 602 594 578 610 546 802 290 738 1314
606 607 605 601 593 577 609 545 801 289 737 1313
609 608 610 614 622 638 606 542 798 286 734 1310
610 611 609 613 621 637 605 541 797 285 733 1309
612 613 615 611 619 635 603 539 795 283 731 1307
615 614 612 608 616 632 600 536 792 280 728 1304
616 617 619 623 615 631 599 535 791 279 727 1303
619 618 616 620 612 628 596 532 788 276 724 1300
621 620 622 618 610 626 594 530 786 274 722 1298
622 623 621 617 609 625 593 529 785 273 721 1297
624 625 627 631 639 623 591 527 783 271 719 1295
627 626 624 628 636 620 588 524 780 268 716 1292
629 628 630 626 634 618 586 522 778 266 714 1290
630 631 629 625 633 617 585 521 777 265 713 1289
633 632 634 638 630 614 582 518 774 262 710 1286
634 635 633 637 629 613 581 517 773 261 709 1285
636 637 639 635 627 611 579 515 771 259 707 1283
639 638 636 632 624 608 576 512 768 256 704 1280
640 641 643 647 655 671 703 767 1023 511 575 1535
643 642 640 644 652 668 700 764 1020 508 572 1532
645 644 646 642 650 666 698 762 1018 506 570 1530
646 647 645 641 649 665 697 761 1017 505 569 1529
649 648 650 654 646 662 694 758 1014 502 566 1526
650 651 649 653 645 661 693 757 1013 501 565 1525
652 653 655 651 643 659 691 755 1011 499 563 1523
655 654 652 648 640 656 688 752 1008 496 560 1520
657 656 658 662 670 654 686 750 1006 494 558 1518
658 659 657 661 669 653 685 749 1005 493 557 1517
660 661 663 659 667 651 683 747 1003 491 555 1515
663 662 660 656 664 648 680 744 1000 488 552 1512
664 665 667 671 663 647 679 743 999 487 551 1511
667 666 664 668 660 644 676 740 996 484 548 1508
669 668 670 666 658 642 674 738 994 482 546 1506
670 671 669 665 657 641 673 737 993 481 545 1505
673 672 674 678 686 702 670 734 990 478 542 1502
674 675 673 677 685 701 669 733 989 477 541 1501
676 677 679 675 683 699 667 731 987 475 539 1499
679 678 676 672 680 696 664 728 984 472 536 1496
680 681 683 687 679 695 663 727 983 471 535 1495
683 682 680 684 676 692 660 724 980 468 532 1492
685 684 686 682 674 690 658 722 978 466 530 1490
686 687 685 681 673 689 657 721 977 465 529 1489
688 689 691 695 703 687 655 719 975 463 527 1487
691 690 688 692 700 684 652 716 972 460 524 1484
693 692 694 690 698 682 650 714 970 458 522 1482
694 695 693 689 697 681 649 713 969 457 521 1481
697 696 698 702 694 678 646 710 966 454 518 1478
698 699 697 701 693 677 645 709 965 453 517 1477
700 701 703 699 691 675 643 707 963 451 515 1475
703 702 700 696 688 672 640 704 960 448 512 1472
705 704 706 710 718 734 766 702 958 446 638 1470
706 707 705 709 717 733 765 701 957 445 637 1469
708 709 711 707 715 731 763 699 955 443 635 1467
711 710 708 704 712 728 760 696 952 440 632 1464
712 713 715 719 711 727 759 695 951 439 631 1463
715 714 712 716 708 724 756 692 948 436 628 1460
717 716 718 714 706 722 754 690 946 434 626 1458
718 719 717 713 705 721 753 689 945 433 625 1457
720 721 723 727 735 719 751 687 943 431 623 1455
723 722 720 724 732 716 748 684 940 428 620 1452
725 724 726 722 730 714 746 682 938 426 618 1450
726 727 725 721 729 713 745 681 937 425 617 1449
729 728 730 734 726 710 742 678 934 422 614 1446
730 731 729 733 725 709 741 677 933 421 613 1445
732 733 735 731 723 707 739 675 931 419 611 1443
735 734 732 728 720 704 736 672 928 416 608 1440
736 737 739 743 751 767 735 671 927 415 607 1439
739 738 736 740 748 764 732 668 924 412 604 1436
741 740 742 738 746 762 730 666 922 410 602 1434
742 743 741 737 745 761 729 665 921 409 601 1433
745 744 746 750 742 758 726 662 918 406 598 1430
746 747 745 749 741 757 725 661 917 405 597 1429
748 749 751 747 739 755 723 659 915 403 595 1427
751 750 748 744 736 752 720 656 912 400 592 1424
753 752 754 758 766 750 718 654 910 398 590 1422
754 755 753 757 765 749 717 653 909 397 589 1421
756 757 759 755 763 747 715 651 907 395 587 1419
759 758 756 752 760 744 712 648 904 392 584 1416
760 761 763 767 759 743 711 647 903 391 583 1415
763 762 760 764 756 740 708 644 900 388 580 1412
765 764 766 762 754 738 706 642 898 386 578 1410
766 767 765 761 753 737 705 641 897 385 577 1409
768 769 771 775 783 799 831 895 639 127 959 1151
771 770 768 772 780 796 828 892 636 124 956 1148
773 772 774 770 778 794 826 890 634 122 954 1146
774 775 773 769 777 793 825 889 633 121 953 1145
777 776 778 782 774 790 822 886 630 118 950 1142
778 779 777 781 773 789 821 885 629 117 949 1141
780 781 783 779 771 787 819 883 627 115 947 1139
783 782 780 776 768 784 816 880 624 112 944 1136
785 784 786 790 798 782 814 878 622 110 942 1134
786 787 785 789 797 781 813 877 621 109 941 1133
788 789 791 787 795 779 811 875 619 107 939 1131
791 790 788 784 792 776 808 872 616 104 936 1128
792 793 795 799 791 775 807 871 615 103 935 1127
795 794 792 796 788 772 804 868 612 100 932 1124
797 796 798 794 786 770 802 866 610 98 930 1122
798 799 797 793 785 769 801 865 609 97 929 1121
801 800 802 806 814 830 798 862 606 94 926 1118
802 803 801 805 813 829 797 861 605 93 925 1117
804 805 807 803 811 827 795 859 603 91 923 1115
807 806 804 800 808 824 792 856 600 88 920 1112
808 809 811 815 807 823 791 855 599 87 919 1111
811 810 808 812 804 820 788 852 596 84 916 1108
813 812 814 810 802 818 786 850 594 82 914 1106
814 815 813 809 801 817 785 849 593 81 913 1105
816 817 819 823 831 815 783 847 591 79 911 1103
819 818 816 820 828 812 780 844 588 76 908 1100
821 820 822 818 826 810 778 842 586 74 906 1098
822 823 821 817 825 809 777 841 585 73 905 1097
825 824 826 830 822 806 774 838 582 70 902 1094
826 827 825 829 821 805 773 837 581 69 901 1093
828 829 831 827 819 803 771 835 579 67 899 1091
831 830 828 824 816 800 768 832 576 64 896 1088
833 832 834 838 846 862 894 830 574 62 1022 1086
834 835 833 837 845 861 893 829 573 61 1021 1085
836 837 839 835 843 859 891 827 571 59 1019 1083
839 838 836 832 840 856 888 824 568 56 1016 1080
840 841 843 847 839 855 887 823 567 55 1015 1079
843 842 840 844 836 852 884 820 564 52 1012 1076
845 844 846 842 834 850 882 818 562 50 1010 1074
846 847 845 841 833 849 881 817 561 49 1009 1073
848 849 851 855 863 847 879 815 559 47 1007 1071
851 850 848 852 860 844 876 812 556 44 1004 1068
853 852 854 850 858 842 874 810 554 42 1002 1066
854 855 853 849 857 841 873 809 553 41 1001 1065
857 856 858 862 854 838 870 806 550 38 998 1062
858 859 857 861 853 837 869 805 549 37 997 1061
860 861 863 859 851 835 867 803 547 35 995 1059
863 862 860 856 848 832 864 800 544 32 992 1056
864 865 867 871 879 895 863 799 543 31 991 1055
867 866 864 868 876 892 860 796 540 28 988 1052
869 868 870 866 874 890 858 794 538 26 986 1050
870 871 869 865 873 889 857 793 537 25 985 1049
873 872 874 878 870 886 854 790 534 22 982 1046
874 875 873 877 869 885 853 789 533 21 981 1045
876 877 879 875 867 883 851 787 531 19 979 1043
879 878 876 872 864 880 848 784 528 16 976 1040
881 880 882 886 894 878 846 782 526 14 974 1038
882 883 881 885 893 877 845 781 525 13 973 1037
884 885 887 883 891 875 843 779 523 11 971 1035
887 886 884 880 888 872 840 776 520 8 968 1032
888 889 891 895 887 871 839 775 519 7 967 1031
891 890 888 892 884 868 836 772 516 4 964 1028
893 892 894 890 882 866 834 770 514 2 962 1026
894 895 893 889 881 865 833 769 513 1 961 1025
897 896 898 902 910 926 958 1022 766 254 830 1278
898 899 897 901 909 925 957 1021 765 253 829 1277
900 901 903 899 907 923 955 1019 763 251 827 1275
903 902 900 896 904 920 952 1016 760 248 824 1272
904 905 907 911 903 919 951 1015 759 247 823 1271
907 906 904 908 900 916 948 1012 756 244 820 1268
909 908 910 906 898 914 946 1010 754 242 818 1266
910 911 909 905 897 913 945 1009 753 241 817 1265
912 913 915 919 927 911 943 1007 751 239 815 1263
915 914 912 916 924 908 940 1004 748 236 812 1260
917 916 918 914 922 906 938 1002 746 234 810 1258
918 919 917 913 921 905 937 1001 745 233 809 1257
921 920 922 926 918 902 934 998 742 230 806 1254
922 923 921 925 917 901 933 997 741 229 805 1253
924 925 927 923 915 899 931 995 739 227 803 1251
927 926 924 920 912 896 928 992 736 224 800 1248
928 929 931 935 943 959 927 991 735 223 799 1247
931 930 928 932 940 956 924 988 732 220 796 1244
933 932 934 930 938 954 922 986 730 218 794 1242
934 935 933 929 937 953 921 985 729 217 793 1241
937 936 938 942 934 950 918 982 726 214 790 1238
938 939 937 941 933 949 917 981 725 213 789 1237
940 941 943 939 931 947 915 979 723 211 787 1235
943 942 940 936 928 944 912 976 720 208 784 1232
945 944 946 950 958 942 910 974 718 206 782 1230
946 947 945 949 957 941 909 973 717 205 781 1229
948 949 951 947 955 939 907 971 715 203 779 1227
951 950 948 944 952 936 904 968 712 200 776 1224
952 953 955 959 951 935 903 967 711 199 775 1223
955 954 952 956 948 932 900 964 708 196 772 1220
957 956 958 954 946 930 898 962 706 194 770 1218
958 959 957 953 945 929 897 961 705 193 769 1217
960 961 963 967 975 991 1023 959 703 191 895 1215
963 962 960 964 972 988 1020 956 700 188 892 1212
965 964 966 962 970 986 1018 954 698 186 890 1210
966 967 965 961 969 985 1017 953 697 185 889 1209
969 968 970 974 966 982 1014 950 694 182 886 1206
970 971 969 973 965 981 1013 949 693 181 885 1205
972 973 975 971 963 979 1011 947 691 179 883 1203
975 974 972 968 960 976 1008 944 688 176 880 1200
977 976 978 982 990 974 1006 942 686 174 878 1198
978 979 977 981 989 973 1005 941 685 173 877 1197
980 981 983 979 987 971 1003 939 683 171 875 1195
983 982 980 976 984 968 1000 936 680 168 872 1192
984 985 987 991 983 967 999 935 679 167 871 1191
987 986 984 988 980 964 996 932 676 164 868 1188
989 988 990 986 978 962 994 930 674 162 866 1186
990 991 989 985 977 961 993 929 673 161 865 1185
993 992 994 998 1006 1022 990 926 670 158 862 1182
994 995 993 997 1005 1021 989 925 669 157 861 1181
996 997 999 995 1003 1019 987 923 667 155 859 1179
999 998 996 992 1000 1016 984 920 664 152 856 1176
1000 1001 1003 1007 999 1015 983 919 663 151 855 1175
1003 1002 1000 1004 996 1012 980 916 660 148 852 1172
1005 1004 1006 1002 994 1010 978 914 658 146 850 1170
1006 1007 1005 1001 993 1009 977 913 657 145 849 1169
1008 1009 1011 1015 1023 1007 975 911 655 143 847 1167
1011 1010 1008 1012 1020 1004 972 908 652 140 844 1164
1013 1012 1014 1010 1018 1002 970 906 650 138 842 1162
1014 1015 1013 1009 1017 1001 969 905 649 137 841 1161
1017 1016 1018 1022 1014 998 966 902 646 134 838 1158
1018 1019 1017 1021 1013 997 965 901 645 133 837 1157
1020 1021 1023 1019 1011 995 963 899 643 131 835 1155
1023 1022 1020 1016 1008 992 960 896 640 128 832 1152
1025 1024 1026 1030 1038 1054 1086 1150 1406 1918 1214 894
1026 1027 1025 1029 1037 1053 1085 1149 1405 1917 1213 893
1028 1029 1031 1027 1035 1051 1083 1147 1403 1915 1211 891
1031 1030 1028 1024 1032 1048 1080 1144 1400 1912 1208 888
1032 1033 1035 1039 1031 1047 1079 1143 1399 1911 1207 887
1035 1034 1032 1036 1028 1044 1076 1140 1396 1908 1204 884
1037 1036 1038 1034 1026 1042 1074 1138 1394 1906 1202 882
1038 1039 1037 1033 1025 1041 1073 1137 1393 1905 1201 881
1040 1041 1043 1047 1055 1039 1071 1135 1391 1903 1199 879
1043 1042 1040 1044 1052 1036 1068 1132 1388 1900 1196 876
1045 1044 1046 1042 1050 1034 1066 1130 1386 1898 1194 874
1046 1047 1045 1041 1049 1033 1065 1129 1385 1897 1193 873
1049 1048 1050 1054 1046 1030 1062 1126 1382 1894 1190 870
1050 1051 1049 1053 1045 1029 1061 1125 1381 1893 1189 869
1052 1053 1055 1051 1043 1027 1059 1123 1379 1891 1187 867
1055 1054 1052 1048 1040 1024 1056 1120 1376 1888 1184 864
1056 1057 1059 1063 1071 1087 1055 1119 1375 1887 1183 863
1059 1058 1056 1060 1068 1084 1052 1116 1372 1884 1180 860
1061 1060 1062 1058 1066 1082 1050 1114 1370 1882 1178 858
1062 1063 1061 1057 1065 1081 1049 1113 1369 1881 1177 857
1065 1064 1066 1070 1062 1078 1046 1110 1366 1878 1174 854
1066 1067 1065 1069 1061 1077 1045 1109 1365 1877 1173 853
1068 1069 1071 1067 1059 1075 1043 1107 1363 1875 1171 851
1071 1070 1068 1064 1056 1072 1040 1104 1360 1872 1168 848
1073 1072 1074 1078 1086 1070 1038 1102 1358 1870 1166 846
1074 1075 1073 1077 1085 1069 1037 1101 1357 1869 1165 845
1076 1077 1079 1075 1083 1067 1035 1099 1355 1867 1163 843
1079 1078 1076 1072 1080 1064 1032 1096 1352 1864 1160 840
1080 1081 1083 1087 1079 1063 1031 1095 1351 1863 1159 839
1083 1082 1080 1084 1076 1060 1028 1092 1348 1860 1156 836
1085 1084 1086 1082 1074 1058 1026 1090 1346 1858 1154 834
1086 1087 1085 1081 1073 1057 1025 1089 1345 1857 1153 833
1088 1089 1091 1095 1103 1119 1151 1087 1343 1855 1279 831
1091 1090 1088 1092 1100 1116 1148 1084 1340 1852 1276 828
1093 1092 1094 1090 1098 1114 1146 1082 1338 1850 1274 826
1094 1095 1093 1089 1097 1113 1145 1081 1337 1849 1273 825
1097 1096 1098 1102 1094 1110 1142 1078 1334 1846 1270 822
1098 1099 1097 1101 1093 1109 1141 1077 1333 1845 1269 821
1100 1101 1103 1099 1091 1107 1139 1075 1331 1843 1267 819
1103 1102 1100 1096 1088 1104 1136 1072 1328 1840 1264 816
1105 1104 1106 1110 1118 1102 1134 1070 1326 1838 1262 814
1106 1107 1105 1109 1117 1101 1133 1069 1325 1837 1261 813
1108 1109 1111 1107 1115 1099 1131 1067 1323 1835 1259 811
1111 1110 1108 1104 1112 1096 1128 1064 1320 1832 1256 808
1112 1113 1115 1119 1111 1095 1127 1063 1319 1831 1255 807
1115 1114 1112 1116 1108 1092 1124 1060 1316 1828 1252 804
1117 1116 1118 1114 1106 1090 1122 1058 1314 1826 1250 802
1118 1119 1117 1113 1105 1089 1121 1057 1313 1825 1249 801
1121 1120 1122 1126 1134 1150 1118 1054 1310 1822 1246 798
1122 1123 1121 1125 1133 1149 1117 1053 1309 1821 1245 797
1124 1125 1127 1123 1131 1147 1115 1051 1307 1819 1243 795
1127 1126 1124 1120 1128 1144 1112 1048 1304 1816 1240 792
1128 1129 1131 1135 1127 1143 1111 1047 1303 1815 1239 791
1131 1130 1128 1132 1124 1140 1108 1044 1300 1812 1236 788
1133 1132 1134 1130 1122 1138 1106 1042 1298 1810 1234 786
1134 1135 1133 1129 1121 1137 1105 1041 1297 1809 1233 785
1136 1137 1139 1143 1151 1135 1103 1039 1295 1807 1231 783
1139 1138 1136 1140 1148 1132 1100 1036 1292 1804 1228 780
1141 1140 1142 1138 1146 1130 1098 1034 1290 1802 1226 778
1142 1143 1141 1137 1145 1129 1097 1033 1289 1801 1225 777
1145 1144 1146 1150 1142 1126 1094 1030 1286 1798 1222 774
1146 1147 1145 1149 1141 1125 1093 1029 1285 1797 1221 773
1148 1149 1151 1147 1139 1123 1091 1027 1283 1795 1219 771
1151 1150 1148 1144 1136 1120 1088 1024 1280 1792 1216 768
1152 1153 1155 1159 1167 1183 1215 1279 1535 2047 1087 1023
1155 1154 1152 1156 1164 1180 1212 1276 1532 2044 1084 1020
1157 1156 1158 1154 1162 1178 1210 1274 1530 2042 1082 1018
1158 1159 1157 1153 1161 1177 1209 1273 1529 2041 1081 1017
1161 1160 1162 1166 1158 1174 1206 1270 1526 2038 1078 1014
1162 1163 1161 1165 1157 1173 1205 1269 1525 2037 1077 1013
1164 1165 1167 1163 1155 1171 1203 1267 1523 2035 1075 1011
1167 1166 1164 1160 1152 1168 1200 1264 1520 2032 1072 1008
1169 1168 1170 1174 1182 1166 1198 1262 1518 2030 1070 1006
1170 1171 1169 1173 1181 1165 1197 1261 1517 2029 1069 1005
1172 1173 1175 1171 1179 1163 1195 1259 1515 2027 1067 1003
1175 1174 1172 1168 1176 1160 1192 1256 1512 2024 1064 1000
1176 1177 1179 1183 1175 1159 1191 1255 1511 2023 1063 999
1179 1178 1176 1180 1172 1156 1188 1252 1508 2020 1060 996
1181 1180 1182 1178 1170 1154 1186 1250 1506 2018 1058 994
1182 1183 1181 1177 1169 1153 1185 1249 1505 2017 1057 993
1185 1184 1186 1190 1198 1214 1182 1246 1502 2014 1054 990
1186 1187 1185 1189 1197 1213 1181 1245 1501 2013 1053 989
1188 1189 1191 1187 1195 1211 1179 1243 1499 2011 1051 987
1191 1190 1188 1184 1192 1208 1176 1240 1496 2008 1048 984
1192 1193 1195 1199 1191 1207 1175 1239 1495 2007 1047 983
1195 1194 1192 1196 1188 1204 1172 1236 1492 2004 1044 980
1197 1196 1198 1194 1186 1202 1170 1234 1490 2002 1042 978
1198 1199 1197 1193 1185 1201 1169 1233 1489 2001 1041 977
1200 1201 1203 1207 1215 1199 1167 1231 1487 1999 1039 975
1203 1202 1200 1204 1212 1196 1164 1228 1484 1996 1036 972
1205 1204 1206 1202 1210 1194 1162 1226 1482 1994 1034 970
1206 1207 1205 1201 1209 1193 1161 1225 1481 1993 1033 969
1209 1208 1210 1214 1206 1190 1158 1222 1478 1990 1030 966
1210 1211 1209 1213 1205 1189 1157 1221 1477 1989 1029 965
1212 1213 1215 1211 1203 1187 1155 1219 1475 1987 1027 963
1215 1214 1212 1208 1200 1184 1152 1216 1472 1984 1024 960
1217 1216 1218 1222 1230 1246 1278 1214 1470 1982 1150 958
1218 1219 1217 1221 1229 1245 1277 1213 1469 1981 1149 957
1220 1221 1223 1219 1227 1243 1275 1211 1467 1979 1147 955
1223 1222 1220 1216 1224 1240 1272 1208 1464 1976 1144 952
1224 1225 1227 1231 1223 1239 1271 1207 1463 1975 1143 951
1227 1226 1224 1228 1220 1236 1268 1204 1460 1972 1140 948
1229 1228 1230 1226 1218 1234 1266 1202 1458 1970 1138 946
1230 1231 1229 1225 1217 1233 1265 1201 1457 1969 1137 945
1232 1233 1235 1239 1247 1231 1263 1199 1455 1967 1135 943
1235 1234 1232 1236 1244 1228 1260 1196 1452 1964 1132 940
1237 1236 1238 1234 1242 1226 1258 1194 1450 1962 1130 938
1238 1239 1237 1233 1241 1225 1257 1193 1449 1961 1129 937
1241 1240 1242 1246 1238 1222 1254 1190 1446 1958 1126 934
1242 1243 1241 1245 1237 1221 1253 1189 1445 1957 1125 933
1244 1245 1247 1243 1235 1219 1251 1187 1443 1955 1123 931
1247 1246 1244 1240 1232 1216 1248 1184 1440 1952 1120 928
1248 1249 1251 1255 1263 1279 1247 1183 1439 1951 1119 927
1251 1250 1248 1252 1260 1276 1244 1180 1436 1948 1116 924
1253 1252 1254 1250 1258 1274 1242 1178 1434 1946 1114 922
1254 1255 1253 1249 1257 1273 1241 1177 1433 1945 1113 921
1257 1256 1258 1262 1254 1270 1238 1174 1430 1942 1110 918
1258 1259 1257 1261 1253 1269 1237 1173 1429 1941 1109 917
1260 1261 1263 1259 1251 1267 1235 1171 1427 1939 1107 915
1263 1262 1260 1256 1248 1264 1232 1168 1424 1936 1104 912
1265 1264 1266 1270 1278 1262 1230 1166 1422 1934 1102 910
1266 1267 1265 1269 1277 1261 1229 1165 1421 1933 1101 909
1268 1269 1271 1267 1275 1259 1227 1163 1419 1931 1099 907
1271 1270 1268 1264 1272 1256 1224 1160 1416 1928 1096 904
1272 1273 1275 1279 1271 1255 1223 1159 1415 1927 1095 903
1275 1274 1272 1276 1268 1252 1220 1156 1412 1924 1092 900
1277 1276 1278 1274 1266 1250 1218 1154 1410 1922 1090 898
1278 1279 1277 1273 1265 1249 1217 1153 1409 1921 1089 897
1280 1281 1283 1287 1295 1311 1343 1407 1151 1663 1471 639
1283 1282 1280 1284 1292 1308 1340 1404 1148 1660 1468 636
1285 1284 1286 1282 1290 1306 1338 1402 1146 1658 1466 634
1286 1287 1285 1281 1289 1305 1337 1401 1145 1657 1465 633
1289 1288 1290 1294 1286 1302 1334 1398 1142 1654 1462 630
1290 1291 1289 1293 1285 1301 1333 1397 1141 1653 1461 629
1292 1293 1295 1291 1283 1299 1331 1395 1139 1651 1459 627
1295 1294 1292 1288 1280 1296 1328 1392 1136 1648 1456 624
1297 1296 1298 1302 1310 1294 1326 1390 1134 1646 1454 622
1298 1299 1297 1301 1309 1293 1325 1389 1133 1645 1453 621
1300 1301 1303 1299 1307 1291 1323 1387 1131 1643 1451 619
1303 1302 1300 1296 1304 1288 1320 1384 1128 1640 1448 616
1304 1305 1307 1311 1303 1287 1319 1383 1127 1639 1447 615
1307 1306 1304 1308 1300 1284 1316 1380 1124 1636 1444 612
1309 1308 1310 1306 1298 1282 1314 1378 1122 1634 1442 610
1310 1311 1309 1305 1297 1281 1313 1377 1121 1633 1441 609
1313 1312 1314 1318 1326 1342 1310 1374 1118 1630 1438 606
1314 1315 1313 1317 1325 1341 1309 1373 1117 1629 1437 605
1316 1317 1319 1315 1323 1339 1307 1371 1115 1627 1435 603
1319 1318 1316 1312 1320 1336 1304 1368 1112 1624 1432 600
1320 1321 1323 1327 1319 1335 1303 1367 1111 1623 1431 599
1323 1322 1320 1324 1316 1332 1300 1364 1108 1620 1428 596
1325 1324 1326 1322 1314 1330 1298 1362 1106 1618 1426 594
1326 1327 1325 1321 1313 1329 1297 1361 1105 1617 1425 593
1328 1329 1331 1335 1343 1327 1295 1359 1103 1615 1423 591
1331 1330 1328 1332 1340 1324 1292 1356 1100 1612 1420 588
1333 1332 1334 1330 1338 1322 1290 1354 1098 1610 1418 586
1334 1335 1333 1329 1337 1321 1289 1353 1097 1609 1417 585
1337 1336 1338 1342 1334 1318 1286 1350 1094 1606 1414 582
1338 1339 1337 1341 1333 1317 1285 1349 1093 1605 1413 581
1340 1341 1343 1339 1331 1315 1283 1347 1091 1603 1411 579
1343 1342 1340 1336 1328 1312 1280 1344 1088 1600 1408 576
1345 1344 1346 1350 1358 1374 1406 1342 1086 1598 1534 574
1346 1347 1345 1349 1357 1373 1405 1341 1085 1597 1533 573
1348 1349 1351 1347 1355 1371 1403 1339 1083 1595 1531 571
1351 1350 1348 1344 1352 1368 1400 1336 1080 1592 1528 568
1352 1353 1355 1359 1351 1367 1399 1335 1079 1591 1527 567
1355 1354 1352 1356 1348 1364 1396 1332 1076 1588 1524 564
1357 1356 1358 1354 1346 1362 1394 1330 1074 1586 1522 562
1358 1359 1357 1353 1345 1361 1393 1329 1073 1585 1521 561
1360 1361 1363 1367 1375 1359 1391 1327 1071 1583 1519 559
1363 1362 1360 1364 1372 1356 1388 1324 1068 1580 1516 556
1365 1364 1366 1362 1370 1354 1386 1322 1066 1578 1514 554
1366 1367 1365 1361 1369 1353 1385 1321 1065 1577 1513 553
1369 1368 1370 1374 1366 1350 1382 1318 1062 1574 1510 550
1370 1371 1369 1373 1365 1349 1381 1317 1061 1573 1509 549
1372 1373 1375 1371 1363 1347 1379 1315 1059 1571 1507 547
1375 1374 1372 1368 1360 1344 1376 1312 1056 1568 1504 544
1376 1377 1379 1383 1391 1407 1375 1311 1055 1567 1503 543
1379 1378 1376 1380 1388 1404 1372 1308 1052 1564 1500 540
1381 1380 1382 1378 1386 1402 1370 1306 1050 1562 1498 538
1382 1383 1381 1377 1385 1401 1369 1305 1049 1561 1497 537
1385 1384 1386 1390 1382 1398 1366 1302 1046 1558 1494 534
1386 1387 1385 1389 1381 1397 1365 1301 1045 1557 1493 533
1388 1389 1391 1387 1379 1395 1363 1299 1043 1555 1491 531
1391 1390 1388 1384 1376 1392 1360 1296 1040 1552 1488 528
1393 1392 1394 1398 1406 1390 1358 1294 1038 1550 1486 526
1394 1395 1393 1397 1405 1389 1357 1293 1037 1549 1485 525
1396 1397 1399 1395 1403 1387 1355 1291 1035 1547 1483 523
1399 1398 1396 1392 1400 1384 1352 1288 1032 1544 1480 520
1400 1401 1403 1407 1399 1383 1351 1287 1031 1543 1479 519
1403 1402 1400 1404 1396 1380 1348 1284 1028 1540 1476 516
1405 1404 1406 1402 1394 1378 1346 1282 1026 1538 1474 514
1406 1407 1405 1401 1393 1377 1345 1281 1025 1537 1473 513
1409 1408 1410 1414 1422 1438 1470 1534 1278 1790 1342 766
1410 1411 1409 1413 1421 1437 1469 1533 1277 1789 1341 765
1412 1413 1415 1411 1419 1435 1467 1531 1275 1787 1339 763
1415 1414 1412 1408 1416 1432 1464 1528 1272 1784 1336 760
1416 1417 1419 1423 1415 1431 1463 1527 1271 1783 1335 759
1419 1418 1416 1420 1412 1428 1460 1524 1268 1780 1332 756
1421 1420 1422 1418 1410 1426 1458 1522 1266 1778 1330 754
1422 1423 1421 1417 1409 1425 1457 1521 1265 1777 1329 753
1424 1425 1427 1431 1439 1423 1455 1519 1263 1775 1327 751
1427 1426 1424 1428 1436 1420 1452 1516 1260 1772 1324 748
1429 1428 1430 1426 1434 1418 1450 1514 1258 1770 1322 746
1430 1431 1429 1425 1433 1417 1449 1513 1257 1769 1321 745
1433 1432 1434 1438 1430 1414 1446 1510 1254 1766 1318 742
1434 1435 1433 1437 1429 1413 1445 1509 1253 1765 1317 741
1436 1437 1439 1435 1427 1411 1443 1507 1251 1763 1315 739
1439 1438 1436 1432 1424 1408 1440 1504 1248 1760 1312 736
1440 1441 1443 1447 1455 1471 1439 1503 1247 1759 1311 735
1443 1442 1440 1444 1452 1468 1436 1500 1244 1756 1308 732
1445 1444 1446 1442 1450 1466 1434 1498 1242 1754 1306 730
1446 1447 1445 1441 1449 1465 1433 1497 1241 1753 1305 729
1449 1448 1450 1454 1446 1462 1430 1494 1238 1750 1302 726
1450 1451 1449 1453 1445 1461 1429 1493 1237 1749 1301 725
1452 1453 1455 1451 1443 1459 1427 1491 1235 1747 1299 723
1455 1454 1452 1448 1440 1456 1424 1488 1232 1744 1296 720
1457 1456 1458 1462 1470 1454 1422 1486 1230 1742 1294 718
1458 1459 1457 1461 1469 1453 1421 1485 1229 1741 1293 717
1460 1461 1463 1459 1467 1451 1419 1483 1227 1739 1291 715
1463 1462 1460 1456 1464 1448 1416 1480 1224 1736 1288 712
1464 1465 1467 1471 1463 1447 1415 1479 1223 1735 1287 711
1467 1466 1464 1468 1460 1444 1412 1476 1220 1732 1284 708
1469 1468 1470 1466 1458 1442 1410 1474 1218 1730 1282 706
1470 1471 1469 1465 1457 1441 1409 1473 1217 1729 1281 705
1472 1473 1475 1479 1487 1503 1535 1471 1215 1727 1407 703
1475 1474 1472 1476 1484 1500 1532 1468 1212 1724 1404 700
1477 1476 1478 1474 1482 1498 1530 1466 1210 1722 1402 698
1478 1479 1477 1473 1481 1497 1529 1465 1209 1721 1401 697
1481 1480 1482 1486 1478 1494 1526 1462 1206 1718 1398 694
1482 1483 1481 1485 1477 1493 1525 1461 1205 1717 1397 693
1484 1485 1487 1483 1475 1491 1523 1459 1203 1715 1395 691
1487 1486 1484 1480 1472 1488 1520 1456 1200 1712 1392 688
1489 1488 1490 1494 1502 1486 1518 1454 1198 1710 1390 686
1490 1491 1489 1493 1501 1485 1517 1453 1197 1709 1389 685
1492 1493 1495 1491 1499 1483 1515 1451 1195 1707 1387 683
1495 1494 1492 1488 1496 1480 1512 1448 1192 1704 1384 680
1496 1497 1499 1503 1495 1479 1511 1447 1191 1703 1383 679
1499 1498 1496 1500 1492 1476 1508 1444 1188 1700 1380 676
1501 1500 1502 1498 1490 1474 1506 1442 1186 1698 1378 674
1502 1503 1501 1497 1489 1473 1505 1441 1185 1697 1377 673
1505 1504 1506 1510 1518 1534 1502 1438 1182 1694 1374 670
1506 1507 1505 1509 1517 1533 1501 1437 1181 1693 1373 669
1508 1509 1511 1507 1515 1531 1499 1435 1179 1691 1371 667
1511 1510 1508 1504 1512 1528 1496 1432 1176 1688 1368 664
1512 1513 1515 1519 1511 1527 1495 1431 1175 1687 1367 663
1515 1514 1512 1516 1508 1524 1492 1428 1172 1684 1364 660
1517 1516 1518 1514 1506 1522 1490 1426 1170 1682 1362 658
1518 1519 1517 1513 1505 1521 1489 1425 1169 1681 1361 657
1520 1521 1523 1527 1535 1519 1487 1423 1167 1679 1359 655
1523 1522 1520 1524 1532 1516 1484 1420 1164 1676 1356 652
1525 1524 1526 1522 1530 1514 1482 1418 1162 1674 1354 650
1526 1527 1525 1521 1529 1513 1481 1417 1161 1673 1353 649
1529 1528 1530 1534 1526 1510 1478 1414 1158 1670 1350 646
1530 1531 1529 1533 1525 1509 1477 1413 1157 1669 1349 645
1532 1533 1535 1531 1523 1507 1475 1411 1155 1667 1347 643
1535 1534 1532 1528 1520 1504 1472 1408 1152 1664 1344 640
1536 1537 1539 1543 1551 1567 1599 1663 1919 1407 1727 383
1539 1538 1536 1540 1548 1564 1596 1660 1916 1404 1724 380
1541 1540 1542 1538 1546 1562 1594 1658 1914 1402 1722 378
1542 1543 1541 1537 1545 1561 1593 1657 1913 1401 1721 377
1545 1544 1546 1550 1542 1558 1590 1654 1910 1398 1718 374
1546 1547 1545 1549 1541 1557 1589 1653 1909 1397 1717 373
1548 1549 1551 1547 1539 1555 1587 1651 1907 1395 1715 371
1551 1550 1548 1544 1536 1552 1584 1648 1904 1392 1712 368
1553 1552 1554 1558 1566 1550 1582 1646 1902 1390 1710 366
1554 1555 1553 1557 1565 1549 1581 1645 1901 1389 1709 365
1556 1557 1559 1555 1563 1547 1579 1643 1899 1387 1707 363
1559 1558 1556 1552 1560 1544 1576 1640 1896 1384 1704 360
1560 1561 1563 1567 1559 1543 1575 1639 1895 1383 1703 359
1563 1562 1560 1564 1556 1540 1572 1636 1892 1380 1700 356
1565 1564 1566 1562 1554 1538 1570 1634 1890 1378 1698 354
1566 1567 1565 1561 1553 1537 1569 1633 1889 1377 1697 353
1569 1568 1570 1574 1582 1598 1566 1630 1886 1374 1694 350
1570 1571 1569 1573 1581 1597 1565 1629 1885 1373 1693 349
1572 1573 1575 1571 1579 1595 1563 1627 1883 1371 1691 347
1575 1574 1572 1568 1576 1592 1560 1624 1880 1368 1688 344
1576 1577 1579 1583 1575 1591 1559 1623 1879 1367 1687 343
1579 1578 1576 1580 1572 1588 1556 1620 1876 1364 1684 340
1581 1580 1582 1578 1570 1586 1554 1618 1874 1362 1682 338
1582 1583 1581 1577 1569 1585 1553 1617 1873 1361 1681 337
1584 1585 1587 1591 1599 1583 1551 1615 1871 1359 1679 335
1587 1586 1584 1588 1596 1580 1548 1612 1868 1356 1676 332
1589 1588 1590 1586 1594 1578 1546 1610 1866 1354 1674 330
1590 1591 1589 1585 1593 1577 1545 1609 1865 1353 1673 329
1593 1592 1594 1598 1590 1574 1542 1606 1862 1350 1670 326
1594 1595 1593 1597 1589 1573 1541 1605 1861 1349 1669 325
1596 1597 1599 1595 1587 1571 1539 1603 1859 1347 1667 323
1599 1598 1596 1592 1584 1568 1536 1600 1856 1344 1664 320
1601 1600 1602 1606 1614 1630 1662 1598 1854 1342 1790 318
1602 1603 1601 1605 1613 1629 1661 1597 1853 1341 1789 317
1604 1605 1607 1603 1611 1627 1659 1595 1851 1339 1787 315
1607 1606 1604 1600 1608 1624 1656 1592 1848 1336 1784 312
1608 1609 1611 1615 1607 1623 1655 1591 1847 1335 1783 311
1611 1610 1608 1612 1604 1620 1652 1588 1844 1332 1780 308
1613 1612 1614 1610 1602 1618 1650 1586 1842 1330 1778 306
1614 1615 1613 1609 1601 1617 1649 1585 1841 1329 1777 305
1616 1617 1619 1623 1631 1615 1647 1583 1839 1327 1775 303
1619 1618 1616 1620 1628 1612 1644 1580 1836 1324 1772 300
1621 1620 1622 1618 1626 1610 1642 1578 1834 1322 1770 298
1622 1623 1621 1617 1625 1609 1641 1577 1833 1321 1769 297
1625 1624 1626 1630 1622 1606 1638 1574 1830 1318 1766 294
1626 1627 1625 1629 1621 1605 1637 1573 1829 1317 1765 293
1628 1629 1631 1627 1619 1603 1635 1571 1827 1315 1763 291
1631 1630 1628 1624 1616 1600 1632 1568 1824 1312 1760 288
1632 1633 1635 1639 1647 1663 1631 1567 1823 1311 1759 287
1635 1634 1632 1636 1644 1660 1628 1564 1820 1308 1756 284
1637 1636 1638 1634 1642 1658 1626 1562 1818 1306 1754 282
1638 1639 1637 1633 1641 1657 1625 1561 1817 1305 1753 281
1641 1640 1642 1646 1638 1654 1622 1558 1814 1302 1750 278
1642 1643 1641 1645 1637 1653 1621 1557 1813 1301 1749 277
1644 1645 1647 1643 1635 1651 1619 1555 1811 1299 1747 275
1647 1646 1644 1640 1632 1648 1616 1552 1808 1296 1744 272
1649 1648 1650 1654 1662 1646 1614 1550 1806 1294 1742 270
1650 1651 1649 1653 1661 1645 1613 1549 1805 1293 1741 269
1652 1653 1655 1651 1659 1643 1611 1547 1803 1291 1739 267
1655 1654 1652 1648 1656 1640 1608 1544 1800 1288 1736 264
1656 1657 1659 1663 1655 1639 1607 1543 1799 1287 1735 263
1659 1658 1656 1660 1652 1636 1604 1540 1796 1284 1732 260
1661 1660 1662 1658 1650 1634 1602 1538 1794 1282 1730 258
1662 1663 1661 1657 1649 1633 1601 1537 1793 1281 1729 257
1665 1664 1666 1670 1678 1694 1726 1790 2046 1534 1598 510
1666 1667 1665 1669 1677 1693 1725 1789 2045 1533 1597 509
1668 1669 1671 1667 1675 1691 1723 1787 2043 1531 1595 507
1671 1670 1668 1664 1672 1688 1720 1784 2040 1528 1592 504
1672 1673 1675 1679 1671 1687 1719 1783 2039 1527 1591 503
1675 1674 1672 1676 1668 1684 1716 1780 2036 1524 1588 500
1677 1676 1678 1674 1666 1682 1714 1778 2034 1522 1586 498
1678 1679 1677 1673 1665 1681 1713 1777 2033 1521 1585 497
1680 1681 1683 1687 1695 1679 1711 1775 2031 1519 1583 495
1683 1682 1680 1684 1692 1676 1708 1772 2028 1516 1580 492
1685 1684 1686 1682 1690 1674 1706 1770 2026 1514 1578 490
1686 1687 1685 1681 1689 1673 1705 1769 2025 1513 1577 489
1689 1688 1690 1694 1686 1670 1702 1766 2022 1510 1574 486
1690 1691 1689 1693 1685 1669 1701 1765 2021 1509 1573 485
1692 1693 1695 1691 1683 1667 1699 1763 2019 1507 1571 483
1695 1694 1692 1688 1680 1664 1696 1760 2016 1504 1568 480
1696 1697 1699 1703 1711 1727 1695 1759 2015 1503 1567 479
1699 1698 1696 1700 1708 1724 1692 1756 2012 1500 1564 476
1701 1700 1702 1698 1706 1722 1690 1754 2010 1498 1562 474
1702 1703 1701 1697 1705 1721 1689 1753 2009 1497 1561 473
1705 1704 1706 1710 1702 1718 1686 1750 2006 1494 1558 470
1706 1707 1705 1709 1701 1717 1685 1749 2005 1493 1557 469
1708 1709 1711 1707 1699 1715 1683 1747 2003 1491 1555 467
1711 1710 1708 1704 1696 1712 1680 1744 2000 1488 1552 464
1713 1712 1714 1718 1726 1710 1678 1742 1998 1486 1550 462
1714 1715 1713 1717 1725 1709 1677 1741 1997 1485 1549 461
1716 1717 1719 1715 1723 1707 1675 1739 1995 1483 1547 459
1719 1718 1716 1712 1720 1704 1672 1736 1992 1480 1544 456
1720 1721 1723 1727 1719 1703 1671 1735 1991 1479 1543 455
1723 1722 1720 1724 1716 1700 1668 1732 1988 1476 1540 452
1725 1724 1726 1722 1714 1698 1666 1730 1986 1474 1538 450
1726 1727 1725 1721 1713 1697 1665 1729 1985 1473 1537 449
1728 1729 1731 1735 1743 1759 1791 1727 1983 1471 1663 447
1731 1730 1728 1732 1740 1756 1788 1724 1980 1468 1660 444
1733 1732 1734 1730 1738 1754 1786 1722 1978 1466 1658 442
1734 1735 1733 1729 1737 1753 1785 1721 1977 1465 1657 441
1737 1736 1738 1742 1734 1750 1782 1718 1974 1462 1654 438
1738 1739 1737 1741 1733 1749 1781 1717 1973 1461 1653 437
1740 1741 1743 1739 1731 1747 1779 1715 1971 1459 1651 435
1743 1742 1740 1736 1728 1744 1776 1712 1968 1456 1648 432
1745 1744 1746 1750 1758 1742 1774 1710 1966 1454 1646 430
1746 1747 1745 1749 1757 1741 1773 1709 1965 1453 1645 429
1748 1749 1751 1747 1755 1739 1771 1707 1963 1451 1643 427
1751 1750 1748 1744 1752 1736 1768 1704 1960 1448 1640 424
1752 1753 1755 1759 1751 1735 1767 1703 1959 1447 1639 423
1755 1754 1752 1756 1748 1732 1764 1700 1956 1444 1636 420
1757 1756 1758 1754 1746 1730 1762 1698 1954 1442 1634 418
1758 1759 1757 1753 1745 1729 1761 1697 1953 1441 1633 417
1761 1760 1762 1766 1774 1790 1758 1694 1950 1438 1630 414
1762 1763 1761 1765 1773 1789 1757 1693 1949 1437 1629 413
1764 1765 1767 1763 1771 1787 1755 1691 1947 1435 1627 411
1767 1766 1764 1760 1768 1784 1752 1688 1944 1432 1624 408
1768 1769 1771 1775 1767 1783 1751 1687 1943 1431 1623 407
1771 1770 1768 1772 1764 1780 1748 1684 1940 1428 1620 404
1773 1772 1774 1770 1762 1778 1746 1682 1938 1426 1618 402
1774 1775 1773 1769 1761 1777 1745 1681 1937 1425 1617 401
1776 1777 1779 1783 1791 1775 1743 1679 1935 1423 1615 399
1779 1778 1776 1780 1788 1772 1740 1676 1932 1420 1612 396
1781 1780 1782 1778 1786 1770 1738 1674 1930 1418 1610 394
1782 1783 1781 1777 1785 1769 1737 1673 1929 1417 1609 393
1785 1784 1786 1790 1782 1766 1734 1670 1926 1414 1606 390
1786 1787 1785 1789 1781 1765 1733 1669 1925 1413 1605 389
1788 1789 1791 1787 1779 1763 1731 1667 1923 1411 1603 387
1791 1790 1788 1784 1776 1760 1728 1664 1920 1408 1600 384
1793 1792 1794 1798 1806 1822 1854 1918 1662 1150 1982 126
1794 1795 1793 1797 1805 1821 1853 1917 1661 1149 1981 125
1796 1797 1799 1795 1803 1819 1851 1915 1659 1147 1979 123
1799 1798 1796 1792 1800 1816 1848 1912 1656 1144 1976 120
1800 1801 1803 1807 1799 1815 1847 1911 1655 1143 1975 119
1803 1802 1800 1804 1796 1812 1844 1908 1652 1140 1972 116
1805 1804 1806 1802 1794 1810 1842 1906 1650 1138 1970 114
1806 1807 1805 1801 1793 1809 1841 1905 1649 1137 1969 113
1808 1809 1811 1815 1823 1807 1839 1903 1647 1135 1967 111
1811 1810 1808 1812 1820 1804 1836 1900 1644 1132 1964 108
1813 1812 1814 1810 1818 1802 1834 1898 1642 1130 1962 106
1814 1815 1813 1809 1817 1801 1833 1897 1641 1129 1961 105
1817 1816 1818 1822 1814 1798 1830 1894 1638 1126 1958 102
1818 1819 1817 1821 1813 1797 1829 1893 1637 1125 1957 101
1820 1821 1823 1819 1811 1795 1827 1891 1635 1123 1955 99
1823 1822 1820 1816 1808 1792 1824 1888 1632 1120 1952 96
1824 1825 1827 1831 1839 1855 1823 1887 1631 1119 1951 95
1827 1826 1824 1828 1836 1852 1820 1884 1628 1116 1948 92
1829 1828 1830 1826 1834 1850 1818 1882 1626 1114 1946 90
1830 1831 1829 1825 1833 1849 1817 1881 1625 1113 1945 89
1833 1832 1834 1838 1830 1846 1814 1878 1622 1110 1942 86
1834 1835 1833 1837 1829 1845 1813 1877 1621 1109 1941 85
1836 1837 1839 1835 1827 1843 1811 1875 1619 1107 1939 83
1839 1838 1836 1832 1824 1840 1808 1872 1616 1104 1936 80
1841 1840 1842 1846 1854 1838 1806 1870 1614 1102 1934 78
1842 1843 1841 1845 1853 1837 1805 1869 1613 1101 1933 77
1844 1845 1847 1843 1851 1835 1803 1867 1611 1099 1931 75
1847 1846 1844 1840 1848 1832 1800 1864 1608 1096 1928 72
1848 1849 1851 1855 1847 1831 1799 1863 1607 1095 1927 71
1851 1850 1848 1852 1844 1828 1796 1860 1604 1092 1924 68
1853 1852 1854 1850 1842 1826 1794 1858 1602 1090 1922 66
1854 1855 1853 1849 1841 1825 1793 1857 1601 1089 1921 65
1856 1857 1859 1863 1871 1887 1919 1855 1599 1087 2047 63
1859 1858 1856 1860 1868 1884 1916 1852 1596 1084 2044 60
1861 1860 1862 1858 1866 1882 1914 1850 1594 1082 2042 58
1862 1863 1861 1857 1865 1881 1913 1849 1593 1081 2041 57
1865 1864 1866 1870 1862 1878 1910 1846 1590 1078 2038 54
1866 1867 1865 1869 1861 1877 1909 1845 1589 1077 2037 53
1868 1869 1871 1867 1859 1875 1907 1843 1587 1075 2035 51
1871 1870 1868 1864 1856 1872 1904 1840 1584 1072 2032 48
1873 1872 1874 1878 1886 1870 1902 1838 1582 1070 2030 46
1874 1875 1873 1877 1885 1869 1901 1837 1581 1069 2029 45
1876 1877 1879 1875 1883 1867 1899 1835 1579 1067 2027 43
1879 1878 1876 1872 1880 1864 1896 1832 1576 1064 2024 40
1880 1881 1883 1887 1879 1863 1895 1831 1575 1063 2023 39
1883 1882 1880 1884 1876 1860 1892 1828 1572 1060 2020 36
1885 1884 1886 1882 1874 1858 1890 1826 1570 1058 2018 34
1886 1887 1885 1881 1873 1857 1889 1825 1569 1057 2017 33
1889 1888 1890 1894 1902 1918 1886 1822 1566 1054 2014 30
1890 1891 1889 1893 1901 1917 1885 1821 1565 1053 2013 29
1892 1893 1895 1891 1899 1915 1883 1819 1563 1051 2011 27
1895 1894 1892 1888 1896 1912 1880 1816 1560 1048 2008 24
1896 1897 1899 1903 1895 1911 1879 1815 1559 1047 2007 23
1899 1898 1896 1900 1892 1908 1876 1812 1556 1044 2004 20
1901 1900 1902 1898 1890 1906 1874 1810 1554 1042 2002 18
1902 1903 1901 1897 1889 1905 1873 1809 1553 1041 2001 17
1904 1905 1907 1911 1919 1903 1871 1807 1551 1039 1999 15
1907 1906 1904 1908 1916 1900 1868 1804 1548 1036 1996 12
1909 1908 1910 1906 1914 1898 1866 1802 1546 1034 1994 10
1910 1911 1909 1905 1913 1897 1865 1801 1545 1033 1993 9
1913 1912 1914 1918 1910 1894 1862 1798 1542 1030 1990 6
1914 1915 1913 1917 1909 1893 1861 1797 1541 1029 1989 5
1916 1917 1919 1915 1907 1891 1859 1795 1539 1027 1987 3
1919 1918 1916 1912 1904 1888 1856 1792 1536 1024 1984 0
1920 1921 1923 1927 1935 1951 1983 2047 1791 1279 1855 255
1923 1922 1920 1924 1932 1948 1980 2044 1788 1276 1852 252
1925 1924 1926 1922 1930 1946 1978 2042 1786 1274 1850 250
1926 1927 1925 1921 1929 1945 1977 2041 1785 1273 1849 249
1929 1928 1930 1934 1926 1942 1974 2038 1782 1270 1846 246
1930 1931 1929 1933 1925 1941 1973 2037 1781 1269 1845 245
1932 1933 1935 1931 1923 1939 1971 2035 1779 1267 1843 243
1935 1934 1932 1928 1920 1936 1968 2032 1776 1264 1840 240
1937 1936 1938 1942 1950 1934 1966 2030 1774 1262 1838 238
1938 1939 1937 1941 1949 1933 1965 2029 1773 1261 1837 237
1940 1941 1943 1939 1947 1931 1963 2027 1771 1259 1835 235
1943 1942 1940 1936 1944 1928 1960 2024 1768 1256 1832 232
1944 1945 1947 1951 1943 1927 1959 2023 1767 1255 1831 231
1947 1946 1944 1948 1940 1924 1956 2020 1764 1252 1828 228
1949 1948 1950 1946 1938 1922 1954 2018 1762 1250 1826 226
1950 1951 1949 1945 1937 1921 1953 2017 1761 1249 1825 225
1953 1952 1954 1958 1966 1982 1950 2014 1758 1246 1822 222
1954 1955 1953 1957 1965 1981 1949 2013 1757 1245 1821 221
1956 1957 1959 1955 1963 1979 1947 2011 1755 1243 1819 219
1959 1958 1956 1952 1960 1976 1944 2008 1752 1240 1816 216
1960 1961 1963 1967 1959 1975 1943 2007 1751 1239 1815 215
1963 1962 1960 1964 1956 1972 1940 2004 1748 1236 1812 212
1965 1964 1966 1962 1954 1970 1938 2002 1746 1234 1810 210
1966 1967 1965 1961 1953 1969 1937 2001 1745 1233 1809 209
1968 1969 1971 1975 1983 1967 1935 1999 1743 1231 1807 207
1971 1970 1968 1972 1980 1964 1932 1996 1740 1228 1804 204
1973 1972 1974 1970 1978 1962 1930 1994 1738 1226 1802 202
1974 1975 1973 1969 1977 1961 1929 1993 1737 1225 1801 201
1977 1976 1978 1982 1974 1958 1926 1990 1734 1222 1798 198
1978 1979 1977 1981 1973 1957 1925 1989 1733 1221 1797 197
1980 1981 1983 1979 1971 1955 1923 1987 1731 1219 1795 195
1983 1982 1980 1976 1968 1952 1920 1984 1728 1216 1792 192
1985 1984 1986 1990 1998 2014 2046 1982 1726 1214 1918 190
1986 1987 1985 1989 1997 2013 2045 1981 1725 1213 1917 189
1988 1989 1991 1987 1995 2011 2043 1979 1723 1211 1915 187
1991 1990 1988 1984 1992 2008 2040 1976 1720 1208 1912 184
1992 1993 1995 1999 1991 2007 2039 1975 1719 1207 1911 183
1995 1994 1992 1996 1988 2004 2036 1972 1716 1204 1908 180
1997 1996 1998 1994 1986 2002 2034 1970 1714 1202 1906 178
1998 1999 1997 1993 1985 2001 2033 1969 1713 1201 1905 177
2000 2001 2003 2007 2015 1999 2031 1967 1711 1199 1903 175
2003 2002 2000 2004 2012 1996 2028 1964 1708 1196 1900 172
2005 2004 2006 2002 2010 1994 2026 1962 1706 1194 1898 170
2006 2007 2005 2001 2009 1993 2025 1961 1705 1193 1897 169
2009 2008 2010 2014 2006 1990 2022 1958 1702 1190 1894 166
2010 2011 2009 2013 2005 1989 2021 1957 1701 1189 1893 165
2012 2013 2015 2011 2003 1987 2019 1955 1699 1187 1891 163
2015 2014 2012 2008 2000 1984 2016 1952 1696 1184 1888 160
2016 2017 2019 2023 2031 2047 2015 1951 1695 1183 1887 159
2019 2018 2016 2020 2028 2044 2012 1948 1692 1180 1884 156
2021 2020 2022 2018 2026 2042 2010 1946 1690 1178 1882 154
2022 2023 2021 2017 2025 2041 2009 1945 1689 1177 1881 153
2025 2024 2026 2030 2022 2038 2006 1942 1686 1174 1878 150
2026 2027 2025 2029 2021 2037 2005 1941 1685 1173 1877 149
2028 2029 2031 2027 2019 2035 2003 1939 1683 1171 1875 147
2031 2030 2028 2024 2016 2032 2000 1936 1680 1168 1872 144
2033 2032 2034 2038 2046 2030 1998 1934 1678 1166 1870 142
2034 2035 2033 2037 2045 2029 1997 1933 1677 1165 1869 141
2036 2037 2039 2035 2043 2027 1995 1931 1675 1163 1867 139
2039 2038 2036 2032 2040 2024 1992 1928 1672 1160 1864 136
2040 2041 2043 2047 2039 2023 1991 1927 1671 1159 1863 135
2043 2042 2040 2044 2036 2020 1988 1924 1668 1156 1860 132
2045 2044 2046 2042 2034 2018 1986 1922 1666 1154 1858 130
2046 2047 2045 2041 2033 2017 1985 1921 1665 1153 1857 129
